2023-05-08 16:05:54.291  INFO [dxc-example-service,,] 24360 --- [main] th.go.dxc.DxcExampleServiceApplication   : Starting DxcExampleServiceApplication using Java 11.0.10 on DESKTOP-H4PTTKF with PID 24360 (C:\Users\patta\git\dxc-example-service\target\classes started by patta in C:\Users\patta\git\dxc-example-service)
2023-05-08 16:05:54.300  INFO [dxc-example-service,,] 24360 --- [main] th.go.dxc.DxcExampleServiceApplication   : The following profiles are active: dev
2023-05-08 16:05:55.813  INFO [dxc-example-service,,] 24360 --- [main] .s.d.r.c.RepositoryConfigurationDelegate : Bootstrapping Spring Data JPA repositories in DEFAULT mode.
2023-05-08 16:05:56.012  INFO [dxc-example-service,,] 24360 --- [main] .s.d.r.c.RepositoryConfigurationDelegate : Finished Spring Data repository scanning in 176 ms. Found 1 JPA repository interfaces.
2023-05-08 16:05:56.012  INFO [dxc-example-service,,] 24360 --- [main] .s.d.r.c.RepositoryConfigurationDelegate : Bootstrapping Spring Data JPA repositories in DEFAULT mode.
2023-05-08 16:05:56.024  INFO [dxc-example-service,,] 24360 --- [main] .s.d.r.c.RepositoryConfigurationDelegate : Finished Spring Data repository scanning in 11 ms. Found 2 JPA repository interfaces.
2023-05-08 16:05:56.025  INFO [dxc-example-service,,] 24360 --- [main] .s.d.r.c.RepositoryConfigurationDelegate : Bootstrapping Spring Data JPA repositories in DEFAULT mode.
2023-05-08 16:05:56.035  INFO [dxc-example-service,,] 24360 --- [main] .s.d.r.c.RepositoryConfigurationDelegate : Finished Spring Data repository scanning in 10 ms. Found 1 JPA repository interfaces.
2023-05-08 16:05:56.036  INFO [dxc-example-service,,] 24360 --- [main] .s.d.r.c.RepositoryConfigurationDelegate : Bootstrapping Spring Data JPA repositories in DEFAULT mode.
2023-05-08 16:05:56.046  INFO [dxc-example-service,,] 24360 --- [main] .s.d.r.c.RepositoryConfigurationDelegate : Finished Spring Data repository scanning in 9 ms. Found 1 JPA repository interfaces.
2023-05-08 16:05:57.373  INFO [dxc-example-service,,] 24360 --- [main] o.s.cloud.context.scope.GenericScope     : BeanFactory id=11c7365a-8283-32b0-8157-deff234713a9
2023-05-08 16:05:57.943  INFO [dxc-example-service,,] 24360 --- [main] trationDelegate$BeanPostProcessorChecker : Bean 'org.springframework.cloud.client.loadbalancer.reactive.LoadBalancerBeanPostProcessorAutoConfiguration' of type [org.springframework.cloud.client.loadbalancer.reactive.LoadBalancerBeanPostProcessorAutoConfiguration] is not eligible for getting processed by all BeanPostProcessors (for example: not eligible for auto-proxying)
2023-05-08 16:05:57.948  INFO [dxc-example-service,,] 24360 --- [main] trationDelegate$BeanPostProcessorChecker : Bean 'org.springframework.cloud.client.loadbalancer.reactive.LoadBalancerBeanPostProcessorAutoConfiguration$ReactorDeferringLoadBalancerFilterConfig' of type [org.springframework.cloud.client.loadbalancer.reactive.LoadBalancerBeanPostProcessorAutoConfiguration$ReactorDeferringLoadBalancerFilterConfig] is not eligible for getting processed by all BeanPostProcessors (for example: not eligible for auto-proxying)
2023-05-08 16:05:57.953  INFO [dxc-example-service,,] 24360 --- [main] trationDelegate$BeanPostProcessorChecker : Bean 'reactorDeferringLoadBalancerExchangeFilterFunction' of type [org.springframework.cloud.client.loadbalancer.reactive.DeferringLoadBalancerExchangeFilterFunction] is not eligible for getting processed by all BeanPostProcessors (for example: not eligible for auto-proxying)
2023-05-08 16:05:58.848  INFO [dxc-example-service,,] 24360 --- [main] o.s.b.w.embedded.tomcat.TomcatWebServer  : Tomcat initialized with port(s): 8081 (http)
2023-05-08 16:05:58.857  INFO [dxc-example-service,,] 24360 --- [main] o.apache.catalina.core.StandardService   : Starting service [Tomcat]
2023-05-08 16:05:58.857  INFO [dxc-example-service,,] 24360 --- [main] org.apache.catalina.core.StandardEngine  : Starting Servlet engine: [Apache Tomcat/9.0.48]
2023-05-08 16:05:59.133  INFO [dxc-example-service,,] 24360 --- [main] o.a.c.c.C.[Tomcat].[localhost].[/]       : Initializing Spring embedded WebApplicationContext
2023-05-08 16:05:59.134  INFO [dxc-example-service,,] 24360 --- [main] w.s.c.ServletWebServerApplicationContext : Root WebApplicationContext: initialization completed in 4758 ms
2023-05-08 16:05:59.469  WARN [dxc-example-service,,] 24360 --- [main] com.zaxxer.hikari.HikariConfig           : HikariPool-1 - idleTimeout has been set but has no effect because the pool is operating as a fixed size pool.
2023-05-08 16:05:59.470  INFO [dxc-example-service,,] 24360 --- [main] com.zaxxer.hikari.HikariDataSource       : HikariPool-1 - Starting...
2023-05-08 16:05:59.938  INFO [dxc-example-service,,] 24360 --- [main] com.zaxxer.hikari.HikariDataSource       : HikariPool-1 - Start completed.
2023-05-08 16:05:59.947  INFO [dxc-example-service,,] 24360 --- [main] o.s.b.a.h2.H2ConsoleAutoConfiguration    : H2 console available at '/h2-console'. Database available at 'jdbc:h2:mem:primary'
2023-05-08 16:06:02.793  INFO [dxc-example-service,,] 24360 --- [main] t.g.d.i.d.d.c.DataDbDatasourceConfig     : Initi EntityManagerFactory
2023-05-08 16:06:02.794  INFO [dxc-example-service,,] 24360 --- [main] t.g.d.i.d.d.c.DataDbDatasourceConfig     : HikariDataSource HikariDataSource (null)
2023-05-08 16:06:02.794  INFO [dxc-example-service,,] 24360 --- [main] t.g.d.i.d.d.c.DataDbDatasourceConfig     : JPA DatabasePlatform: org.hibernate.dialect.H2Dialect
2023-05-08 16:06:02.795  INFO [dxc-example-service,,] 24360 --- [main] t.g.d.i.d.d.c.DataDbDatasourceConfig     : JPA Properties: {hibernate.format_sql=true, hibernate.use_sql_comments=true, hibernate.physical_naming_strategy=org.springframework.boot.orm.jpa.hibernate.SpringPhysicalNamingStrategy, hibernate.batch_versioned_data=true, javax.persistence.schema-generation.database.action=drop-and-create, javax.persistence.schema-generation.scripts.drop-target=sqls/drop-schema.sql, hibernate.order_inserts=true, javax.persistence.schema-generation.scripts.create-target=sqls/create-schema.sql, javax.persistence.schema-generation.scripts.action=drop-and-create, hibernate.show_sql=false, hibernate.generate_statistics=false, hibernate.order_updates=true, hibernate.jdbc.batch_size=5}
2023-05-08 16:06:02.832  INFO [dxc-example-service,,] 24360 --- [main] o.hibernate.jpa.internal.util.LogHelper  : HHH000204: Processing PersistenceUnitInfo [name: dataDbPersistenceUnit]
2023-05-08 16:06:02.913  INFO [dxc-example-service,,] 24360 --- [main] org.hibernate.Version                    : HHH000412: Hibernate ORM core version 5.4.32.Final
2023-05-08 16:06:03.136  INFO [dxc-example-service,,] 24360 --- [main] o.hibernate.annotations.common.Version   : HCANN000001: Hibernate Commons Annotations {5.1.2.Final}
2023-05-08 16:06:03.393  WARN [dxc-example-service,,] 24360 --- [main] com.zaxxer.hikari.HikariConfig           : HikariPool-2 - idleTimeout has been set but has no effect because the pool is operating as a fixed size pool.
2023-05-08 16:06:03.393  INFO [dxc-example-service,,] 24360 --- [main] com.zaxxer.hikari.HikariDataSource       : HikariPool-2 - Starting...
2023-05-08 16:06:03.396  INFO [dxc-example-service,,] 24360 --- [main] com.zaxxer.hikari.HikariDataSource       : HikariPool-2 - Start completed.
2023-05-08 16:06:03.408  INFO [dxc-example-service,,] 24360 --- [main] org.hibernate.dialect.Dialect            : HHH000400: Using dialect: org.hibernate.dialect.H2Dialect
2023-05-08 16:06:04.149  INFO [dxc-example-service,,] 24360 --- [main] o.h.e.t.j.p.i.JtaPlatformInitiator       : HHH000490: Using JtaPlatform implementation: [org.hibernate.engine.transaction.jta.platform.internal.NoJtaPlatform]
2023-05-08 16:06:04.160  INFO [dxc-example-service,,] 24360 --- [main] j.LocalContainerEntityManagerFactoryBean : Initialized JPA EntityManagerFactory for persistence unit 'dataDbPersistenceUnit'
2023-05-08 16:06:04.185  INFO [dxc-example-service,,] 24360 --- [main] t.g.d.i.d.d.c.DxcSamDatasourceConfig     : Initi EntityManagerFactory
2023-05-08 16:06:04.186  INFO [dxc-example-service,,] 24360 --- [main] t.g.d.i.d.d.c.DxcSamDatasourceConfig     : HikariDataSource HikariDataSource (null)
2023-05-08 16:06:04.186  INFO [dxc-example-service,,] 24360 --- [main] t.g.d.i.d.d.c.DxcSamDatasourceConfig     : JPA DatabasePlatform: org.hibernate.dialect.H2Dialect
2023-05-08 16:06:04.187  INFO [dxc-example-service,,] 24360 --- [main] t.g.d.i.d.d.c.DxcSamDatasourceConfig     : JPA Properties: {hibernate.format_sql=true, hibernate.use_sql_comments=true, hibernate.physical_naming_strategy=org.springframework.boot.orm.jpa.hibernate.SpringPhysicalNamingStrategy, hibernate.batch_versioned_data=true, javax.persistence.schema-generation.database.action=none, javax.persistence.schema-generation.scripts.drop-target=sqls/drop-schema.sql, hibernate.order_inserts=true, javax.persistence.schema-generation.scripts.create-target=sqls/create-schema.sql, javax.persistence.schema-generation.scripts.action=drop-and-create, hibernate.show_sql=false, hibernate.generate_statistics=false, hibernate.order_updates=true, hibernate.jdbc.batch_size=5}
2023-05-08 16:06:04.190  INFO [dxc-example-service,,] 24360 --- [main] o.hibernate.jpa.internal.util.LogHelper  : HHH000204: Processing PersistenceUnitInfo [name: dxcSamPersistenceUnit]
2023-05-08 16:06:04.286  WARN [dxc-example-service,,] 24360 --- [main] com.zaxxer.hikari.HikariConfig           : HikariPool-3 - idleTimeout has been set but has no effect because the pool is operating as a fixed size pool.
2023-05-08 16:06:04.287  INFO [dxc-example-service,,] 24360 --- [main] com.zaxxer.hikari.HikariDataSource       : HikariPool-3 - Starting...
2023-05-08 16:06:04.289  INFO [dxc-example-service,,] 24360 --- [main] com.zaxxer.hikari.HikariDataSource       : HikariPool-3 - Start completed.
2023-05-08 16:06:04.289  INFO [dxc-example-service,,] 24360 --- [main] org.hibernate.dialect.Dialect            : HHH000400: Using dialect: org.hibernate.dialect.H2Dialect
2023-05-08 16:06:04.440  INFO [dxc-example-service,,] 24360 --- [main] o.h.e.t.j.p.i.JtaPlatformInitiator       : HHH000490: Using JtaPlatform implementation: [org.hibernate.engine.transaction.jta.platform.internal.NoJtaPlatform]
2023-05-08 16:06:04.441  INFO [dxc-example-service,,] 24360 --- [main] j.LocalContainerEntityManagerFactoryBean : Initialized JPA EntityManagerFactory for persistence unit 'dxcSamPersistenceUnit'
2023-05-08 16:06:04.451  INFO [dxc-example-service,,] 24360 --- [main] t.g.d.i.d.p.c.PrimaryDatasourceConfig    : Initi EntityManagerFactory
2023-05-08 16:06:04.451  INFO [dxc-example-service,,] 24360 --- [main] t.g.d.i.d.p.c.PrimaryDatasourceConfig    : HikariDataSource HikariDataSource (HikariPool-1)
2023-05-08 16:06:04.452  INFO [dxc-example-service,,] 24360 --- [main] t.g.d.i.d.p.c.PrimaryDatasourceConfig    : JPA Properties: {hibernate.format_sql=true, hibernate.use_sql_comments=true, hibernate.physical_naming_strategy=org.springframework.boot.orm.jpa.hibernate.SpringPhysicalNamingStrategy, hibernate.batch_versioned_data=true, javax.persistence.schema-generation.database.action=drop-and-create, javax.persistence.schema-generation.scripts.drop-target=sqls/drop-schema.sql, hibernate.order_inserts=true, javax.persistence.schema-generation.scripts.create-target=sqls/create-schema.sql, javax.persistence.schema-generation.scripts.action=drop-and-create, hibernate.show_sql=false, hibernate.generate_statistics=false, hibernate.order_updates=true, hibernate.jdbc.batch_size=5}
2023-05-08 16:06:04.455  INFO [dxc-example-service,,] 24360 --- [main] o.hibernate.jpa.internal.util.LogHelper  : HHH000204: Processing PersistenceUnitInfo [name: primaryPersistenceUnit]
2023-05-08 16:06:04.540  INFO [dxc-example-service,,] 24360 --- [main] org.hibernate.dialect.Dialect            : HHH000400: Using dialect: org.hibernate.dialect.H2Dialect
2023-05-08 16:06:04.596  INFO [dxc-example-service,,] 24360 --- [main] o.h.e.t.j.p.i.JtaPlatformInitiator       : HHH000490: Using JtaPlatform implementation: [org.hibernate.engine.transaction.jta.platform.internal.NoJtaPlatform]
2023-05-08 16:06:04.596  INFO [dxc-example-service,,] 24360 --- [main] j.LocalContainerEntityManagerFactoryBean : Initialized JPA EntityManagerFactory for persistence unit 'primaryPersistenceUnit'
2023-05-08 16:06:04.609  INFO [dxc-example-service,,] 24360 --- [main] .g.d.i.d.r.c.ReferenceDbDatasourceConfig : Initi EntityManagerFactory
2023-05-08 16:06:04.610  INFO [dxc-example-service,,] 24360 --- [main] .g.d.i.d.r.c.ReferenceDbDatasourceConfig : HikariDataSource HikariDataSource (null)
2023-05-08 16:06:04.611  INFO [dxc-example-service,,] 24360 --- [main] .g.d.i.d.r.c.ReferenceDbDatasourceConfig : JPA DatabasePlatform: org.hibernate.dialect.H2Dialect
2023-05-08 16:06:04.612  INFO [dxc-example-service,,] 24360 --- [main] .g.d.i.d.r.c.ReferenceDbDatasourceConfig : JPA Properties: {hibernate.format_sql=true, hibernate.use_sql_comments=true, hibernate.physical_naming_strategy=org.springframework.boot.orm.jpa.hibernate.SpringPhysicalNamingStrategy, hibernate.batch_versioned_data=true, javax.persistence.schema-generation.database.action=drop-and-create, javax.persistence.schema-generation.scripts.drop-target=sqls/drop-schema.sql, hibernate.order_inserts=true, javax.persistence.schema-generation.scripts.create-target=sqls/create-schema.sql, javax.persistence.schema-generation.scripts.action=drop-and-create, hibernate.show_sql=false, hibernate.generate_statistics=false, hibernate.order_updates=true, hibernate.jdbc.batch_size=5}
2023-05-08 16:06:04.615  INFO [dxc-example-service,,] 24360 --- [main] o.hibernate.jpa.internal.util.LogHelper  : HHH000204: Processing PersistenceUnitInfo [name: referenceDbPersistenceUnit]
2023-05-08 16:06:04.701  WARN [dxc-example-service,,] 24360 --- [main] com.zaxxer.hikari.HikariConfig           : HikariPool-4 - idleTimeout has been set but has no effect because the pool is operating as a fixed size pool.
2023-05-08 16:06:04.702  INFO [dxc-example-service,,] 24360 --- [main] com.zaxxer.hikari.HikariDataSource       : HikariPool-4 - Starting...
2023-05-08 16:06:04.704  INFO [dxc-example-service,,] 24360 --- [main] com.zaxxer.hikari.HikariDataSource       : HikariPool-4 - Start completed.
2023-05-08 16:06:04.705  INFO [dxc-example-service,,] 24360 --- [main] org.hibernate.dialect.Dialect            : HHH000400: Using dialect: org.hibernate.dialect.H2Dialect
2023-05-08 16:06:04.747  INFO [dxc-example-service,,] 24360 --- [main] o.h.e.t.j.p.i.JtaPlatformInitiator       : HHH000490: Using JtaPlatform implementation: [org.hibernate.engine.transaction.jta.platform.internal.NoJtaPlatform]
2023-05-08 16:06:04.747  INFO [dxc-example-service,,] 24360 --- [main] j.LocalContainerEntityManagerFactoryBean : Initialized JPA EntityManagerFactory for persistence unit 'referenceDbPersistenceUnit'
2023-05-08 16:06:05.021  INFO [dxc-example-service,,] 24360 --- [main] t.g.d.s.u.o.m.DefaultOrikaConfigurer     : DefaultOrikaMapper.configureMapping
2023-05-08 16:06:05.739  WARN [dxc-example-service,,] 24360 --- [main] o.s.b.c.c.a.DefaultBatchConfigurer       : No transaction manager was provided, using a DataSourceTransactionManager
2023-05-08 16:06:05.761  INFO [dxc-example-service,,] 24360 --- [main] o.s.b.c.r.s.JobRepositoryFactoryBean     : No database type set, using meta data indicating: H2
2023-05-08 16:06:05.820  INFO [dxc-example-service,,] 24360 --- [main] th.go.dxc.share.config.BatchConfig       : init taskExecutor
2023-05-08 16:06:07.033  INFO [dxc-example-service,,] 24360 --- [main] o.s.b.a.e.web.EndpointLinksResolver      : Exposing 26 endpoint(s) beneath base path '/actuator'
2023-05-08 16:06:09.205  INFO [dxc-example-service,,] 24360 --- [main] o.s.s.web.DefaultSecurityFilterChain     : Will secure Or [Ant [pattern='/services/**'], Ant [pattern='/api/**']] with [org.springframework.security.web.context.request.async.WebAsyncManagerIntegrationFilter@5bb7e5d7, org.springframework.security.web.context.SecurityContextPersistenceFilter@3848c63, org.springframework.security.web.header.HeaderWriterFilter@5f097960, org.springframework.web.filter.CorsFilter@63f566a0, org.springframework.security.web.authentication.logout.LogoutFilter@610f146c, org.springframework.security.oauth2.server.resource.web.BearerTokenAuthenticationFilter@768f12db, org.springframework.security.web.savedrequest.RequestCacheAwareFilter@54fb9fef, org.springframework.security.web.servletapi.SecurityContextHolderAwareRequestFilter@604201a0, org.springframework.security.web.authentication.AnonymousAuthenticationFilter@475ecd46, org.springframework.security.web.session.SessionManagementFilter@598f339e, org.springframework.security.web.access.ExceptionTranslationFilter@4bb1d848, org.springframework.security.web.access.intercept.FilterSecurityInterceptor@2e617f42]
2023-05-08 16:06:09.247  INFO [dxc-example-service,,] 24360 --- [main] t.go.dxc.share.config.SpringAsyncConfig  : create queryThreadPoolTaskExecutor with corePoolSize=800, maxPoolSize=16800, queueCapacity=500, prefix=Query-
2023-05-08 16:06:09.817  INFO [dxc-example-service,,] 24360 --- [main] o.s.b.a.w.s.WelcomePageHandlerMapping    : Adding welcome page: class path resource [static/index.html]
2023-05-08 16:06:10.848  INFO [dxc-example-service,,] 24360 --- [main] DiscoveryClientOptionalArgsConfiguration : Eureka HTTP Client uses RestTemplate.
2023-05-08 16:06:12.212  INFO [dxc-example-service,,] 24360 --- [main] o.s.b.w.embedded.tomcat.TomcatWebServer  : Tomcat started on port(s): 8081 (http) with context path ''
2023-05-08 16:06:13.875  INFO [dxc-example-service,,] 24360 --- [main] th.go.dxc.DxcExampleServiceApplication   : Started DxcExampleServiceApplication in 20.973 seconds (JVM running for 21.722)
2023-05-08 16:06:13.887  INFO [dxc-example-service,,] 24360 --- [main] th.go.dxc.DxcExampleServiceApplication   : initDataAfterStartup: org.springframework.boot.context.event.ApplicationReadyEvent[source=org.springframework.boot.SpringApplication@56f809e5]
2023-05-08 16:06:13.900  INFO [dxc-example-service,,] 24360 --- [main] th.go.dxc.share.util.DummyDataUtil       : Saving: TsiPersonContactEntity(personId=-5106534569952410475, givenName=eOMtThyhVNLWUZNRcBaQKxIyedUsFwdkelQbx, surName=eTeQOvaScfqIOOmaaJxkyvRnLRYtGKbgicZaHCBRQDSxVLhpf)
2023-05-08 16:06:14.024  INFO [dxc-example-service,,] 24360 --- [main] th.go.dxc.share.util.DummyDataUtil       : Saving: TsiPersonContactEntity(personId=-167885730524958550, givenName=QGTMDYpsBZxvfBoe, surName=ygjbUMaAIKKIkknjWEXJUfPxxQHeWKEJ)
2023-05-08 16:06:14.029  INFO [dxc-example-service,,] 24360 --- [main] th.go.dxc.share.util.DummyDataUtil       : Saving: TsiPersonContactEntity(personId=4672433029010564658, givenName=dpHYZGhtgdntugzvvKAXLhMLlNgNfZBdyFGRajVfJ, surName=NonEnOinZjUfzQhdgLLfDTDGspDbQvBQYuxiXXVytGCx)
2023-05-08 16:06:14.032  INFO [dxc-example-service,,] 24360 --- [main] th.go.dxc.share.util.DummyDataUtil       : Saving: TsiPersonContactEntity(personId=-7216359497931550918, givenName=zVllpgTJKhRQqqszYLYdvDhtAsLghPXAgtbpr, surName=XPZkhnfL)
2023-05-08 16:06:14.035  INFO [dxc-example-service,,] 24360 --- [main] th.go.dxc.share.util.DummyDataUtil       : Saving: TsiPersonContactEntity(personId=-3581075550420886390, givenName=TBSXsPBOxmQInyIvpRgmgQsYEKkAAAryjCRhLTuh, surName=nTodUewZQqaZErUaofGvthLoyPLDADY)
2023-05-08 16:06:14.037  INFO [dxc-example-service,,] 24360 --- [main] th.go.dxc.share.util.DummyDataUtil       : Saving: TsiPersonContactEntity(personId=-2298228485105199876, givenName=zxWoaMAzEEplqjJjNBgpTmxxpIoQMODRhfGEfXIoTtOmc, surName=BeivNUYvPBz)
2023-05-08 16:06:14.041  INFO [dxc-example-service,,] 24360 --- [main] th.go.dxc.share.util.DummyDataUtil       : Saving: TsiPersonContactEntity(personId=-5237980416576129062, givenName=MiJFouxILNvFthRIkEgEYzhlSTPkcSUyTSbBkUOVdwprLNbg, surName=NvZUMpq)
2023-05-08 16:06:14.044  INFO [dxc-example-service,,] 24360 --- [main] th.go.dxc.share.util.DummyDataUtil       : Saving: TsiPersonContactEntity(personId=1326634973105178603, givenName=AXLJbjET, surName=iQaUNWftn)
2023-05-08 16:06:14.047  INFO [dxc-example-service,,] 24360 --- [main] th.go.dxc.share.util.DummyDataUtil       : Saving: TsiPersonContactEntity(personId=-3758321679654915806, givenName=iOAotnzWvkQtWruzGVyIdgFU, surName=YNdkFYkkjNIeENlreqFLCMFOPluIOMfSnzXHuubOREhR)
2023-05-08 16:06:14.050  INFO [dxc-example-service,,] 24360 --- [main] th.go.dxc.share.util.DummyDataUtil       : Saving: TsiPersonContactEntity(personId=-7771300887898959616, givenName=XJoDCVcLCRmlloBeMdQkAoYZDjfWhb, surName=zkmANBaxYoMSiMNxLXFLxI)
2023-05-08 16:06:14.052  INFO [dxc-example-service,,] 24360 --- [main] th.go.dxc.share.util.DummyDataUtil       : Saving: TsiPersonContactEntity(personId=-1694783153133139413, givenName=okteOlrImKiDpJbL, surName=DnvKDiACnbE)
2023-05-08 16:06:14.055  INFO [dxc-example-service,,] 24360 --- [main] th.go.dxc.share.util.DummyDataUtil       : Saving: TsiPersonContactEntity(personId=2746989241534039508, givenName=KIFidnAzTacoMOyy, surName=bxVLsNlAeLWVhnIULZAyLBmsL)
2023-05-08 16:06:14.058  INFO [dxc-example-service,,] 24360 --- [main] th.go.dxc.share.util.DummyDataUtil       : Saving: TsiPersonContactEntity(personId=-457112246358890037, givenName=cdeWTdXPlQgjMVXbpRYzBTjz, surName=lglRKAeamYUmWJ)
2023-05-08 16:06:14.060  INFO [dxc-example-service,,] 24360 --- [main] th.go.dxc.share.util.DummyDataUtil       : Saving: TsiPersonContactEntity(personId=1210033231312349320, givenName=tnJZLqwakeYceaYFBlWcoVdFXlfhbUil, surName=kMpiHD)
2023-05-08 16:06:14.063  INFO [dxc-example-service,,] 24360 --- [main] th.go.dxc.share.util.DummyDataUtil       : Saving: TsiPersonContactEntity(personId=1282378635546458216, givenName=MUveErKUBEqCrhrtgxJkjHewSlMWOIVYZjIE, surName=BetqguztlWtKhlfZzDZxlpKnXmsjfwUTYgf)
2023-05-08 16:06:14.067  INFO [dxc-example-service,,] 24360 --- [main] th.go.dxc.share.util.DummyDataUtil       : Saving: TsiPersonContactEntity(personId=1674084292433445352, givenName=ExSOnqwX, surName=gwbUXmExZAqYdJStFJtVTQqOCjYYKFPwjvFKLQnmKDyLUuE)
2023-05-08 16:06:14.070  INFO [dxc-example-service,,] 24360 --- [main] th.go.dxc.share.util.DummyDataUtil       : Saving: TsiPersonContactEntity(personId=7830028867000074426, givenName=MaNwExpndMYYptSXZvExoLZA, surName=nxWrozQeAydAJIwkGuKWiVZLRcElhreuxvwY)
2023-05-08 16:06:14.073  INFO [dxc-example-service,,] 24360 --- [main] th.go.dxc.share.util.DummyDataUtil       : Saving: TsiPersonContactEntity(personId=-2317076407365535282, givenName=VeSelxWdEtYtJHVetgDUdmbcTVyrXOaoLCF, surName=QUOEXynhazhXJISTdcdpWVIhYOTAybWXy)
2023-05-08 16:06:14.076  INFO [dxc-example-service,,] 24360 --- [main] th.go.dxc.share.util.DummyDataUtil       : Saving: TsiPersonContactEntity(personId=-7837950195727116076, givenName=BzGqRewKkOqxJSqDjAtcDFMMSKuTHj, surName=DRbPaqGjvVLsIUOYaahxww)
2023-05-08 16:06:14.079  INFO [dxc-example-service,,] 24360 --- [main] th.go.dxc.share.util.DummyDataUtil       : Saving: TsiPersonContactEntity(personId=7314076204812145092, givenName=kKaNVLssRUeMe, surName=dmIqFU)
2023-05-08 16:06:14.083  INFO [dxc-example-service,,] 24360 --- [main] th.go.dxc.share.util.DummyDataUtil       : Saving: TsiPersonContactEntity(personId=4765075071605135204, givenName=tdxTBR, surName=RVabCDwmrfUyJVSbdBFIyjTfpDItaXBIQrWtYnHcOX)
2023-05-08 16:06:14.087  INFO [dxc-example-service,,] 24360 --- [main] th.go.dxc.share.util.DummyDataUtil       : Saving: TsiPersonContactEntity(personId=2818517680934561261, givenName=gLyqkDjxtCDIjGGiDYDmCRViOaAXNumPGEBXOb, surName=plgXSPAgcjtZAOBahwMGwNikIaKuxYYVASJcIaSPolvldIf)
2023-05-08 16:06:14.090  INFO [dxc-example-service,,] 24360 --- [main] th.go.dxc.share.util.DummyDataUtil       : Saving: TsiPersonContactEntity(personId=4804084248667953465, givenName=ZTciudeieeoLVjkmgvzBItmxBtJpbqEfQgWhKXmKMI, surName=CCEUYIvewgAhbiAslSgvGJGPPEpl)
2023-05-08 16:06:14.094  INFO [dxc-example-service,,] 24360 --- [main] th.go.dxc.share.util.DummyDataUtil       : Saving: TsiPersonContactEntity(personId=8516528816379729956, givenName=FkGBXjwiQjQKBhPbNYaoDLDPRJuhuUT, surName=lSCYdTVoSsJGyCl)
2023-05-08 16:06:14.098  INFO [dxc-example-service,,] 24360 --- [main] th.go.dxc.share.util.DummyDataUtil       : Saving: TsiPersonContactEntity(personId=8099979915178793733, givenName=HNnCWZGwZImfitPVWq, surName=HXHNeZIUAYIToPMiWqHMXgOUxQpXiGHHqrJU)
2023-05-08 16:06:14.102  INFO [dxc-example-service,,] 24360 --- [main] th.go.dxc.share.util.DummyDataUtil       : Saving: TsiPersonContactEntity(personId=3899741886324459877, givenName=tjWgnTkIeIrtqMPlBIJtaerQ, surName=EskqEWDSDObmCGpVdIgYnmBOoTiRwXILYPxNoVlgkbSZtOXr)
2023-05-08 16:06:14.106  INFO [dxc-example-service,,] 24360 --- [main] th.go.dxc.share.util.DummyDataUtil       : Saving: TsiPersonContactEntity(personId=-7116529718146323612, givenName=rDetIVodUvethundXqBJQqPFJOkHIpWuqUBpP, surName=iSGKutNzPuBDeZfevGGI)
2023-05-08 16:06:14.110  INFO [dxc-example-service,,] 24360 --- [main] th.go.dxc.share.util.DummyDataUtil       : Saving: TsiPersonContactEntity(personId=617189662771004779, givenName=yInuRGUCgGcGUaENkutTuUTCnBJbTUuAgHABZTPBCVaNvgPN, surName=PNdoDlMXoAwSuSKKPcTHZBzhTZ)
2023-05-08 16:06:14.113  INFO [dxc-example-service,,] 24360 --- [main] th.go.dxc.share.util.DummyDataUtil       : Saving: TsiPersonContactEntity(personId=-5738853485602064100, givenName=zyzEYLAEhIrdjvCm, surName=ERMlQwRtlgJMzFfzLvgGOdyoxJFIVsRIMiVn)
2023-05-08 16:06:14.117  INFO [dxc-example-service,,] 24360 --- [main] th.go.dxc.share.util.DummyDataUtil       : Saving: TsiPersonContactEntity(personId=-5827090338538224485, givenName=PwvmkahoHdVyCi, surName=zihprfcQEa)
2023-05-08 16:06:14.120  INFO [dxc-example-service,,] 24360 --- [main] th.go.dxc.share.util.DummyDataUtil       : Saving: TsiPersonContactEntity(personId=1388282375910965670, givenName=hQopqOKigBgIRbVxIKizEZqcOHAtUB, surName=CLrPcedRWcOcanMJunJPSxwMDkpV)
2023-05-08 16:06:14.123  INFO [dxc-example-service,,] 24360 --- [main] th.go.dxc.share.util.DummyDataUtil       : Saving: TsiPersonContactEntity(personId=-981261886383069152, givenName=dpPPmMkvQzM, surName=PMzmvOeNujiqMhRMxZqYNVITQFLfa)
2023-05-08 16:06:14.127  INFO [dxc-example-service,,] 24360 --- [main] th.go.dxc.share.util.DummyDataUtil       : Saving: TsiPersonContactEntity(personId=8058951195138745325, givenName=tDljaRmBHVPKTqAe, surName=eGGOsayeZaiidNlrP)
2023-05-08 16:06:14.131  INFO [dxc-example-service,,] 24360 --- [main] th.go.dxc.share.util.DummyDataUtil       : Saving: TsiPersonContactEntity(personId=-5648106443147652010, givenName=LOmYMZqHxETBnrbhFbMsMop, surName=QFReYOZHuOkw)
2023-05-08 16:06:14.135  INFO [dxc-example-service,,] 24360 --- [main] th.go.dxc.share.util.DummyDataUtil       : Saving: TsiPersonContactEntity(personId=-5969394034050049196, givenName=oGMjfyzrGeRegVvrtUcZvoMDBOXQZoTVTRibibvfrV, surName=UEZvXnsKKeWRvXUOoM)
2023-05-08 16:06:14.138  INFO [dxc-example-service,,] 24360 --- [main] th.go.dxc.share.util.DummyDataUtil       : Saving: TsiPersonContactEntity(personId=-6847734019527209621, givenName=FOntGwQOupyXNhMOUjVDsGIsR, surName=cmcJcrTBYYfMOJsQvyvOyYRbkdQgIsAfelbohR)
2023-05-08 16:06:14.141  INFO [dxc-example-service,,] 24360 --- [main] th.go.dxc.share.util.DummyDataUtil       : Saving: TsiPersonContactEntity(personId=-7845324134759045378, givenName=fbxOA, surName=wBtmfSwKEpYp)
2023-05-08 16:06:14.145  INFO [dxc-example-service,,] 24360 --- [main] th.go.dxc.share.util.DummyDataUtil       : Saving: TsiPersonContactEntity(personId=7156814178861103683, givenName=QmhGWhGIMrvodaRacatwcYZzQRMJmsdQDOgtFXhTSqWHdFjjb, surName=PJroycDTFWcAFCgCUKZOnRWjfYXGfQaeulMShbjkpWHaCgI)
2023-05-08 16:06:14.149  INFO [dxc-example-service,,] 24360 --- [main] th.go.dxc.share.util.DummyDataUtil       : Saving: TsiPersonContactEntity(personId=3488800780984115528, givenName=HDqpvBvXwUntedYgKyfsYslKCiAqRVGYCcWqiiCdoqN, surName=VwxNkedJXwzScVQgsXMQZIeIMCcDoozHPdtFuXb)
2023-05-08 16:06:14.152  INFO [dxc-example-service,,] 24360 --- [main] th.go.dxc.share.util.DummyDataUtil       : Saving: TsiPersonContactEntity(personId=492926413741371804, givenName=glQmPpfa, surName=FWCNHGlJZvyxlRcjBqfswvxlpC)
2023-05-08 16:06:14.155  INFO [dxc-example-service,,] 24360 --- [main] th.go.dxc.share.util.DummyDataUtil       : Saving: TsiPersonContactEntity(personId=582119640634903450, givenName=fRTeKwFQdmmf, surName=VfpqlXlSDZHYrNdKIneNxIvWnrOaoRCoblYrsQFiCOxvKWEj)
2023-05-08 16:06:14.159  INFO [dxc-example-service,,] 24360 --- [main] th.go.dxc.share.util.DummyDataUtil       : Saving: TsiPersonContactEntity(personId=-3128420272228665997, givenName=rAsPDzKxhfmjLgOGYauEgmMmxBzALRKe, surName=aQbsnmRMhHfErVCEkcHdqLHkfzZyqoOobgrML)
2023-05-08 16:06:14.163  INFO [dxc-example-service,,] 24360 --- [main] th.go.dxc.share.util.DummyDataUtil       : Saving: TsiPersonContactEntity(personId=-4794565267078688161, givenName=dCifPGZC, surName=bbiuzPAIhgbdQSDjSwUMITalAE)
2023-05-08 16:06:14.166  INFO [dxc-example-service,,] 24360 --- [main] th.go.dxc.share.util.DummyDataUtil       : Saving: TsiPersonContactEntity(personId=-1079643762651135835, givenName=nGIDKuGsdXQSb, surName=MazTniYZanZqNTlkfPAjvyKPihCrCm)
2023-05-08 16:06:14.169  INFO [dxc-example-service,,] 24360 --- [main] th.go.dxc.share.util.DummyDataUtil       : Saving: TsiPersonContactEntity(personId=-3210848112367399599, givenName=zoRxLcQsxVLytaESEowKELmsDjaKUHQGcwfpMvtcjfP, surName=JOVHQjmVC)
2023-05-08 16:06:14.171  INFO [dxc-example-service,,] 24360 --- [main] th.go.dxc.share.util.DummyDataUtil       : Saving: TsiPersonContactEntity(personId=-8961286854129169704, givenName=gCePeHOEyaVUnOnIbTeygCJPTWqGbAIxvEM, surName=ePviztmdfqpvNrRqHVbFAphbnBMTIROLytPfLdSDzTAVPw)
2023-05-08 16:06:14.174  INFO [dxc-example-service,,] 24360 --- [main] th.go.dxc.share.util.DummyDataUtil       : Saving: TsiPersonContactEntity(personId=-7487977810896584711, givenName=bGXOuPomfsEzkUDLepGWiPMAOQ, surName=VnUwQPraJHLPryXdgmWNbwLUXU)
2023-05-08 16:06:14.177  INFO [dxc-example-service,,] 24360 --- [main] th.go.dxc.share.util.DummyDataUtil       : Saving: TsiPersonContactEntity(personId=4210921260047574683, givenName=eMmwWThmFgfrlFCgyZxbpsUGupqoy, surName=QpVRFpRXlWkaZgdLUFlWyKvdrHfKgZIFWDnwypaEupd)
2023-05-08 16:06:14.181  INFO [dxc-example-service,,] 24360 --- [main] th.go.dxc.share.util.DummyDataUtil       : Saving: TsiPersonContactEntity(personId=5592478093667638902, givenName=RXDoXqDqJYSuEuOxsDtMWutbmjqfypdBQigZkVfaVt, surName=BThexbZwMuoEMhthsxzczLQLnnaShLWsrKonD)
2023-05-08 16:06:14.187  INFO [dxc-example-service,,] 24360 --- [main] th.go.dxc.share.util.DummyDataUtil       : Saving: TsiPersonContactEntity(personId=-5625430285771842101, givenName=TdxYMgrEFTmbXZsOtJZgOSYbvqFYoiRAvQVzKws, surName=YrJoXpjgfJSbfvnFXvnxIBefpVNAHfDSYv)
2023-05-08 16:06:14.190  INFO [dxc-example-service,,] 24360 --- [main] th.go.dxc.share.util.DummyDataUtil       : Saving: TsiPersonContactEntity(personId=7900063374667700860, givenName=GOosmixlhAkVJqloTKfzouiPpaWXBjxEYA, surName=ukFKNbgNPkMqmUbiO)
2023-05-08 16:06:14.193  INFO [dxc-example-service,,] 24360 --- [main] th.go.dxc.share.util.DummyDataUtil       : Saving: TsiPersonContactEntity(personId=-636830170795397064, givenName=cAqem, surName=ovuDfYPYRKGL)
2023-05-08 16:06:14.198  INFO [dxc-example-service,,] 24360 --- [main] th.go.dxc.share.util.DummyDataUtil       : Saving: TsiPersonContactEntity(personId=-5064906505645556577, givenName=kCycEvgJBLFguQPIDKGTeLyuwQleqFmPPghIgjPI, surName=bCvcLfvZgLtoHPdhkNUhzrzgPkCDqfMwHikwtySG)
2023-05-08 16:06:14.201  INFO [dxc-example-service,,] 24360 --- [main] th.go.dxc.share.util.DummyDataUtil       : Saving: TsiPersonContactEntity(personId=6182569346087950473, givenName=bIgOGiJvvkrWkCNNzcc, surName=NMlMpT)
2023-05-08 16:06:14.206  INFO [dxc-example-service,,] 24360 --- [main] th.go.dxc.share.util.DummyDataUtil       : Saving: TsiPersonContactEntity(personId=-769426772277834287, givenName=pPHdOpcJiiMIwxsqgTGQIdWDuDiH, surName=IVvNkATvQKBNBcIltsNMy)
2023-05-08 16:06:14.209  INFO [dxc-example-service,,] 24360 --- [main] th.go.dxc.share.util.DummyDataUtil       : Saving: TsiPersonContactEntity(personId=8952652488435071836, givenName=znxPlsrucWTgYTkyMP, surName=ChSBLsBVdlMNlS)
2023-05-08 16:06:14.213  INFO [dxc-example-service,,] 24360 --- [main] th.go.dxc.share.util.DummyDataUtil       : Saving: TsiPersonContactEntity(personId=4530030225633203497, givenName=sOFvnyYGvMfR, surName=BFBQTCAXujDhGGHwUpKLx)
2023-05-08 16:06:14.215  INFO [dxc-example-service,,] 24360 --- [main] th.go.dxc.share.util.DummyDataUtil       : Saving: TsiPersonContactEntity(personId=-5622147162416175951, givenName=nEOxJ, surName=tAzCNYJESqYyrow)
2023-05-08 16:06:14.218  INFO [dxc-example-service,,] 24360 --- [main] th.go.dxc.share.util.DummyDataUtil       : Saving: TsiPersonContactEntity(personId=4047834147411242470, givenName=nyletAnEMeX, surName=nRAVNUSkRyrsiAhLzZQr)
2023-05-08 16:06:14.220  INFO [dxc-example-service,,] 24360 --- [main] th.go.dxc.share.util.DummyDataUtil       : Saving: TsiPersonContactEntity(personId=2050976543698204552, givenName=yGvbioUIMmhLOqDltf, surName=UwAqWoxZC)
2023-05-08 16:06:14.223  INFO [dxc-example-service,,] 24360 --- [main] th.go.dxc.share.util.DummyDataUtil       : Saving: TsiPersonContactEntity(personId=-8000419653771970126, givenName=VmIvUyradKNbxMwTiYlONPby, surName=tccZevAHtGXfYKqo)
2023-05-08 16:06:14.225  INFO [dxc-example-service,,] 24360 --- [main] th.go.dxc.share.util.DummyDataUtil       : Saving: TsiPersonContactEntity(personId=-8952004768583126073, givenName=ANOFhotFmctdBhLgmXhGFuBSu, surName=uuhtxsjbfwZ)
2023-05-08 16:06:14.227  INFO [dxc-example-service,,] 24360 --- [main] th.go.dxc.share.util.DummyDataUtil       : Saving: TsiPersonContactEntity(personId=2851692972699431722, givenName=YEWqrMoERZwiVbdTtMjmWLVJ, surName=dmhpPdXcLEOePwoqFBxBHAcdvXeItYcffjPqMDH)
2023-05-08 16:06:14.230  INFO [dxc-example-service,,] 24360 --- [main] th.go.dxc.share.util.DummyDataUtil       : Saving: TsiPersonContactEntity(personId=-8262935286139685279, givenName=eAwhGweLJpLKocfysZhLylzXvX, surName=fEEdYALxQwJOjvvuCQHjHHjFwVKkoxYxdAVPkBG)
2023-05-08 16:06:14.238  INFO [dxc-example-service,,] 24360 --- [main] th.go.dxc.share.util.DummyDataUtil       : Saving: TsiPersonContactEntity(personId=4854543426611963037, givenName=VIWzzFVwyWKzlhKMqmsLqQUDBzKxKZIkowQoBkpSHWp, surName=DJcdJoylOJWe)
2023-05-08 16:06:14.241  INFO [dxc-example-service,,] 24360 --- [main] th.go.dxc.share.util.DummyDataUtil       : Saving: TsiPersonContactEntity(personId=5181313837801002933, givenName=kLYCilwsmS, surName=glpMXbLsYYTZxzTrfzCLXljsIVShAwZLk)
2023-05-08 16:06:14.243  INFO [dxc-example-service,,] 24360 --- [main] th.go.dxc.share.util.DummyDataUtil       : Saving: TsiPersonContactEntity(personId=7668428197995251475, givenName=KFyzvANfv, surName=fGUbqPjfDQjzUXCKwuOqcj)
2023-05-08 16:06:14.246  INFO [dxc-example-service,,] 24360 --- [main] th.go.dxc.share.util.DummyDataUtil       : Saving: TsiPersonContactEntity(personId=3098185324426972211, givenName=IOMRvUFXXnMrEmllBwZlNVKwsmgTpEVnNlLNEgywAIditVR, surName=ctqhWx)
2023-05-08 16:06:14.249  INFO [dxc-example-service,,] 24360 --- [main] th.go.dxc.share.util.DummyDataUtil       : Saving: TsiPersonContactEntity(personId=-3082813733013320303, givenName=HmbRgvRWfSOtkMbpZjumQOYEaaDWymzEpIwdYgEQzA, surName=PpmGvvt)
2023-05-08 16:06:14.252  INFO [dxc-example-service,,] 24360 --- [main] th.go.dxc.share.util.DummyDataUtil       : Saving: TsiPersonContactEntity(personId=5577812605819267909, givenName=ncdxYgVqcwOMAnizM, surName=jcHvTdAqEeTahiGzeQjBPvBfmEOkTuZxpKYcrtybtSIOUk)
2023-05-08 16:06:14.254  INFO [dxc-example-service,,] 24360 --- [main] th.go.dxc.share.util.DummyDataUtil       : Saving: TsiPersonContactEntity(personId=8235617940769464475, givenName=drIatQJjiWCMDkLduYEHIssJ, surName=ZqYakUZo)
2023-05-08 16:06:14.258  INFO [dxc-example-service,,] 24360 --- [main] th.go.dxc.share.util.DummyDataUtil       : Saving: TsiPersonContactEntity(personId=-4825131875311943573, givenName=zqmwXCSgjaOmseCOwlqrKytwgUOzsLsMKOMTiBJP, surName=LXEijWVCigyGiabrJpQjXAEUPNrvhXOvl)
2023-05-08 16:06:14.261  INFO [dxc-example-service,,] 24360 --- [main] th.go.dxc.share.util.DummyDataUtil       : Saving: TsiPersonContactEntity(personId=322621444567911930, givenName=dCUDmTQTFQYhtRqbtZYSVyFVQSoAjfhncysRgtxkP, surName=RiWKVApzFcYlBTazUiAWugTbTusLrU)
2023-05-08 16:06:14.264  INFO [dxc-example-service,,] 24360 --- [main] th.go.dxc.share.util.DummyDataUtil       : Saving: TsiPersonContactEntity(personId=3236989773587778216, givenName=SDbyuVF, surName=msYkRxgCZZtvFBaYZvbJSRsxeDpYlIuVnR)
2023-05-08 16:06:14.267  INFO [dxc-example-service,,] 24360 --- [main] th.go.dxc.share.util.DummyDataUtil       : Saving: TsiPersonContactEntity(personId=-344757269133152065, givenName=wqqaXdEJHXlNyoXpYBEfiOSwhfPAOiXKrsyOBCjEqGXTSPT, surName=aSJMatrhFebZfoMIAAQjGyIrYzxhEbRpeQXeDZLbuxfB)
2023-05-08 16:06:14.270  INFO [dxc-example-service,,] 24360 --- [main] th.go.dxc.share.util.DummyDataUtil       : Saving: TsiPersonContactEntity(personId=-1065002770806944228, givenName=wEXXjhwQZuwbTNxAeoJQtTOflXbHOncEUnOv, surName=XIXcfWVIjSlBcJYITraltpvZfJTLmESNnapFhNsJpgFePnO)
2023-05-08 16:06:14.273  INFO [dxc-example-service,,] 24360 --- [main] th.go.dxc.share.util.DummyDataUtil       : Saving: TsiPersonContactEntity(personId=-2753290635360365177, givenName=ynsXVySnCsap, surName=wmbCYBGeeyfZrJFBNaEuifC)
2023-05-08 16:06:14.276  INFO [dxc-example-service,,] 24360 --- [main] th.go.dxc.share.util.DummyDataUtil       : Saving: TsiPersonContactEntity(personId=-4438636194038440974, givenName=NkszyiEoQ, surName=gZMLCkOPXmdXNjxJYWitjSodgEyQYcIOkvA)
2023-05-08 16:06:14.280  INFO [dxc-example-service,,] 24360 --- [main] th.go.dxc.share.util.DummyDataUtil       : Saving: TsiPersonContactEntity(personId=1288219434483998463, givenName=hLTcmYrOLszOqwGlmyzrhupKjZNKuuiOPAgFhomW, surName=JfRGWaenLOfnnbsvVUNOIIkGfcJxDJJZJbEarRLyuorIWNQOn)
2023-05-08 16:06:14.283  INFO [dxc-example-service,,] 24360 --- [main] th.go.dxc.share.util.DummyDataUtil       : Saving: TsiPersonContactEntity(personId=8985394130476872827, givenName=yxEhUZUS, surName=QTAwirgqwyeMkANvTRlyuhxQOVPbkYtn)
2023-05-08 16:06:14.285  INFO [dxc-example-service,,] 24360 --- [main] th.go.dxc.share.util.DummyDataUtil       : Saving: TsiPersonContactEntity(personId=3219914102854987434, givenName=UGVoPhqgtNq, surName=xpqBvcqbbcgbxddUcT)
2023-05-08 16:06:14.287  INFO [dxc-example-service,,] 24360 --- [main] th.go.dxc.share.util.DummyDataUtil       : Saving: TsiPersonContactEntity(personId=-712103834135173221, givenName=xgUrCNPcqD, surName=BqzRqqQguCWqelAZWGNDbwVydJ)
2023-05-08 16:06:14.290  INFO [dxc-example-service,,] 24360 --- [main] th.go.dxc.share.util.DummyDataUtil       : Saving: TsiPersonContactEntity(personId=-7105464414206290462, givenName=jUFpu, surName=YnYyFolqwISJOtzCNOSxfoRrtA)
2023-05-08 16:06:14.294  INFO [dxc-example-service,,] 24360 --- [main] th.go.dxc.share.util.DummyDataUtil       : Saving: TsiPersonContactEntity(personId=-5238968656038668445, givenName=fJCbmCImLHIRhFVI, surName=jiziEduCg)
2023-05-08 16:06:14.297  INFO [dxc-example-service,,] 24360 --- [main] th.go.dxc.share.util.DummyDataUtil       : Saving: TsiPersonContactEntity(personId=1503266920921125659, givenName=omzdXPPtQqsDNHAyGTnNUJXqHs, surName=cWZgWZAekDirveTpIBclzmLFFPUqsGHGzfbDtBzsLho)
2023-05-08 16:06:14.299  INFO [dxc-example-service,,] 24360 --- [main] th.go.dxc.share.util.DummyDataUtil       : Saving: TsiPersonContactEntity(personId=8741516651786060031, givenName=yPjMXvKqrbmqXPOsLZgRVfijYgrjkBScvAfFAJPLUOvn, surName=aZyFprInRwGnCzzKlBKKmerIMPAgkNoeYfbFOJRDN)
2023-05-08 16:06:14.302  INFO [dxc-example-service,,] 24360 --- [main] th.go.dxc.share.util.DummyDataUtil       : Saving: TsiPersonContactEntity(personId=3672649327952174959, givenName=jNdmVGBtztWTc, surName=afmTxR)
2023-05-08 16:06:14.304  INFO [dxc-example-service,,] 24360 --- [main] th.go.dxc.share.util.DummyDataUtil       : Saving: TsiPersonContactEntity(personId=-8085704630458716206, givenName=QraCtCxLklPivKOVaTw, surName=AKzvNqHVrbvjsWywtPAkEusXwpjFiYAEDphgbEnTsLWMLtX)
2023-05-08 16:06:14.306  INFO [dxc-example-service,,] 24360 --- [main] th.go.dxc.share.util.DummyDataUtil       : Saving: TsiPersonContactEntity(personId=-2700425672391700394, givenName=ndArryVNNNsBBwQCWudVIOdTBGekxiOKesleAVkNo, surName=pHIQgYGLlIATFrAvxsx)
2023-05-08 16:06:14.310  INFO [dxc-example-service,,] 24360 --- [main] th.go.dxc.share.util.DummyDataUtil       : Saving: TsiPersonContactEntity(personId=1875447224389451487, givenName=bMLeWsiFKoHURsAEFZObrvYcJZ, surName=UdQpkNMRWMnuq)
2023-05-08 16:06:14.313  INFO [dxc-example-service,,] 24360 --- [main] th.go.dxc.share.util.DummyDataUtil       : Saving: TsiPersonContactEntity(personId=-6118525659672718924, givenName=MZjGmbG, surName=pqIfdzlCGXKUnco)
2023-05-08 16:06:14.316  INFO [dxc-example-service,,] 24360 --- [main] th.go.dxc.share.util.DummyDataUtil       : Saving: TsiPersonContactEntity(personId=-1488003346043220886, givenName=GjNmiufEezsqjyaffrIBPZPaBSoCKMLUHpjvOgdpkHbj, surName=vyMUyiUotvTxvPHxRUSs)
2023-05-08 16:06:14.320  INFO [dxc-example-service,,] 24360 --- [main] th.go.dxc.share.util.DummyDataUtil       : Saving: TsiPersonContactEntity(personId=9006080150914153496, givenName=ONlVSeUjkrTV, surName=XWWjRxFVXqaXZ)
2023-05-08 16:06:14.323  INFO [dxc-example-service,,] 24360 --- [main] th.go.dxc.share.util.DummyDataUtil       : Saving: TsiPersonContactEntity(personId=8710816167972389854, givenName=zZfUZGjplCWIHgW, surName=CzzgQumDOlHcTKpEDMMQAinVaHOczHSZRaDcyblhiCGpFLjie)
2023-05-08 16:06:14.326  INFO [dxc-example-service,,] 24360 --- [main] th.go.dxc.share.util.DummyDataUtil       : Saving: TsiPersonContactEntity(personId=-8572165312685798590, givenName=raUbUBrfUNpNDetDurdTEuwhAbssiVUsjukttLVNgALOeIlaR, surName=bcuCmRofUKkWTQmuzKxQWOsGZtOkrZUwsHIfhAdCfVqsdi)
2023-05-08 16:06:14.330  INFO [dxc-example-service,,] 24360 --- [main] th.go.dxc.share.util.DummyDataUtil       : Saving: TsiPersonContactEntity(personId=-2481110233529327119, givenName=rCsvnVdfMIWKKRTzziBjTVesYHPeRqqnR, surName=MqkrUBXhcuMCyWsEJVFyrWhjUrBmyePrISvXOiTDXRusOyjf)
2023-05-08 16:06:14.333  INFO [dxc-example-service,,] 24360 --- [main] th.go.dxc.share.util.DummyDataUtil       : Saving: TsiPersonContactEntity(personId=-3168848078862468890, givenName=HuTWKRwBJOmgDTFMaFREGoKZovADJABgJQuuFKRCwdOHKbJ, surName=uFhfYRWRxtRlwIL)
2023-05-08 16:06:14.335  INFO [dxc-example-service,,] 24360 --- [main] th.go.dxc.share.util.DummyDataUtil       : Saving: TsiPersonContactEntity(personId=-4979170095138826490, givenName=VXbRvbIODtPxD, surName=YpLArKUnKpxzNsZDNCoNwEKoMHBjA)
2023-05-08 16:06:14.338  INFO [dxc-example-service,,] 24360 --- [main] th.go.dxc.share.util.DummyDataUtil       : Saving: TsiPersonContactEntity(personId=-4114973363003441233, givenName=jbiWSSSRpRXLAURzytlmbnRTFArBmCsVoOcCJNSi, surName=iARGiEvtzMXGjrOkbSWTmyDBSivvEABPQKbPFZM)
2023-05-08 16:06:14.341  INFO [dxc-example-service,,] 24360 --- [main] th.go.dxc.share.util.DummyDataUtil       : Saving: TsiPersonContactEntity(personId=-6217831313308587055, givenName=kmClFzFUyrbfdGsvwsjtVleuUVNr, surName=vjOYQBbPzeteLsatwvGFiQtsNzgu)
2023-05-08 16:11:50.689  INFO [dxc-example-service,,] 24360 --- [http-nio-8081-exec-1] o.a.c.c.C.[Tomcat].[localhost].[/]       : Initializing Spring DispatcherServlet 'dispatcherServlet'
2023-05-08 16:11:50.692  INFO [dxc-example-service,,] 24360 --- [http-nio-8081-exec-1] o.s.web.servlet.DispatcherServlet        : Initializing Servlet 'dispatcherServlet'
2023-05-08 16:11:50.694  INFO [dxc-example-service,,] 24360 --- [http-nio-8081-exec-1] o.s.web.servlet.DispatcherServlet        : Completed initialization in 2 ms
2023-05-08 22:56:45.424  INFO [dxc-example-service,,] 8108 --- [main] th.go.dxc.DxcExampleServiceApplication   : Starting DxcExampleServiceApplication using Java 11.0.10 on DESKTOP-T6CVPQN with PID 8108 (C:\Users\patta\eclipse-workspace\dxc-example-service\target\classes started by patta in C:\Users\patta\eclipse-workspace\dxc-example-service)
2023-05-08 22:56:45.426  INFO [dxc-example-service,,] 8108 --- [main] th.go.dxc.DxcExampleServiceApplication   : The following profiles are active: dev
2023-05-08 22:56:46.115  INFO [dxc-example-service,,] 8108 --- [main] .s.d.r.c.RepositoryConfigurationDelegate : Bootstrapping Spring Data JPA repositories in DEFAULT mode.
2023-05-08 22:56:46.225  INFO [dxc-example-service,,] 8108 --- [main] .s.d.r.c.RepositoryConfigurationDelegate : Finished Spring Data repository scanning in 103 ms. Found 1 JPA repository interfaces.
2023-05-08 22:56:46.225  INFO [dxc-example-service,,] 8108 --- [main] .s.d.r.c.RepositoryConfigurationDelegate : Bootstrapping Spring Data JPA repositories in DEFAULT mode.
2023-05-08 22:56:46.232  INFO [dxc-example-service,,] 8108 --- [main] .s.d.r.c.RepositoryConfigurationDelegate : Finished Spring Data repository scanning in 6 ms. Found 2 JPA repository interfaces.
2023-05-08 22:56:46.232  INFO [dxc-example-service,,] 8108 --- [main] .s.d.r.c.RepositoryConfigurationDelegate : Bootstrapping Spring Data JPA repositories in DEFAULT mode.
2023-05-08 22:56:46.237  INFO [dxc-example-service,,] 8108 --- [main] .s.d.r.c.RepositoryConfigurationDelegate : Finished Spring Data repository scanning in 4 ms. Found 1 JPA repository interfaces.
2023-05-08 22:56:46.237  INFO [dxc-example-service,,] 8108 --- [main] .s.d.r.c.RepositoryConfigurationDelegate : Bootstrapping Spring Data JPA repositories in DEFAULT mode.
2023-05-08 22:56:46.241  INFO [dxc-example-service,,] 8108 --- [main] .s.d.r.c.RepositoryConfigurationDelegate : Finished Spring Data repository scanning in 3 ms. Found 1 JPA repository interfaces.
2023-05-08 22:56:46.946  INFO [dxc-example-service,,] 8108 --- [main] o.s.cloud.context.scope.GenericScope     : BeanFactory id=11c7365a-8283-32b0-8157-deff234713a9
2023-05-08 22:56:47.242  INFO [dxc-example-service,,] 8108 --- [main] trationDelegate$BeanPostProcessorChecker : Bean 'org.springframework.cloud.client.loadbalancer.reactive.LoadBalancerBeanPostProcessorAutoConfiguration' of type [org.springframework.cloud.client.loadbalancer.reactive.LoadBalancerBeanPostProcessorAutoConfiguration] is not eligible for getting processed by all BeanPostProcessors (for example: not eligible for auto-proxying)
2023-05-08 22:56:47.245  INFO [dxc-example-service,,] 8108 --- [main] trationDelegate$BeanPostProcessorChecker : Bean 'org.springframework.cloud.client.loadbalancer.reactive.LoadBalancerBeanPostProcessorAutoConfiguration$ReactorDeferringLoadBalancerFilterConfig' of type [org.springframework.cloud.client.loadbalancer.reactive.LoadBalancerBeanPostProcessorAutoConfiguration$ReactorDeferringLoadBalancerFilterConfig] is not eligible for getting processed by all BeanPostProcessors (for example: not eligible for auto-proxying)
2023-05-08 22:56:47.248  INFO [dxc-example-service,,] 8108 --- [main] trationDelegate$BeanPostProcessorChecker : Bean 'reactorDeferringLoadBalancerExchangeFilterFunction' of type [org.springframework.cloud.client.loadbalancer.reactive.DeferringLoadBalancerExchangeFilterFunction] is not eligible for getting processed by all BeanPostProcessors (for example: not eligible for auto-proxying)
2023-05-08 22:56:47.598  INFO [dxc-example-service,,] 8108 --- [main] o.s.b.w.embedded.tomcat.TomcatWebServer  : Tomcat initialized with port(s): 8081 (http)
2023-05-08 22:56:47.605  INFO [dxc-example-service,,] 8108 --- [main] o.apache.catalina.core.StandardService   : Starting service [Tomcat]
2023-05-08 22:56:47.605  INFO [dxc-example-service,,] 8108 --- [main] org.apache.catalina.core.StandardEngine  : Starting Servlet engine: [Apache Tomcat/9.0.48]
2023-05-08 22:56:47.717  INFO [dxc-example-service,,] 8108 --- [main] o.a.c.c.C.[Tomcat].[localhost].[/]       : Initializing Spring embedded WebApplicationContext
2023-05-08 22:56:47.717  INFO [dxc-example-service,,] 8108 --- [main] w.s.c.ServletWebServerApplicationContext : Root WebApplicationContext: initialization completed in 2265 ms
2023-05-08 22:56:47.884  WARN [dxc-example-service,,] 8108 --- [main] com.zaxxer.hikari.HikariConfig           : HikariPool-1 - idleTimeout has been set but has no effect because the pool is operating as a fixed size pool.
2023-05-08 22:56:47.885  INFO [dxc-example-service,,] 8108 --- [main] com.zaxxer.hikari.HikariDataSource       : HikariPool-1 - Starting...
2023-05-08 22:56:48.161  INFO [dxc-example-service,,] 8108 --- [main] com.zaxxer.hikari.HikariDataSource       : HikariPool-1 - Start completed.
2023-05-08 22:56:48.166  INFO [dxc-example-service,,] 8108 --- [main] o.s.b.a.h2.H2ConsoleAutoConfiguration    : H2 console available at '/h2-console'. Database available at 'jdbc:h2:mem:primary'
2023-05-08 22:56:49.311  INFO [dxc-example-service,,] 8108 --- [main] t.g.d.i.d.d.c.DataDbDatasourceConfig     : Initi EntityManagerFactory
2023-05-08 22:56:49.312  INFO [dxc-example-service,,] 8108 --- [main] t.g.d.i.d.d.c.DataDbDatasourceConfig     : HikariDataSource HikariDataSource (null)
2023-05-08 22:56:49.312  INFO [dxc-example-service,,] 8108 --- [main] t.g.d.i.d.d.c.DataDbDatasourceConfig     : JPA DatabasePlatform: org.hibernate.dialect.H2Dialect
2023-05-08 22:56:49.312  INFO [dxc-example-service,,] 8108 --- [main] t.g.d.i.d.d.c.DataDbDatasourceConfig     : JPA Properties: {hibernate.format_sql=true, hibernate.use_sql_comments=true, hibernate.physical_naming_strategy=org.springframework.boot.orm.jpa.hibernate.SpringPhysicalNamingStrategy, hibernate.batch_versioned_data=true, javax.persistence.schema-generation.database.action=drop-and-create, javax.persistence.schema-generation.scripts.drop-target=sqls/drop-schema.sql, hibernate.order_inserts=true, javax.persistence.schema-generation.scripts.create-target=sqls/create-schema.sql, javax.persistence.schema-generation.scripts.action=drop-and-create, hibernate.show_sql=false, hibernate.generate_statistics=false, hibernate.order_updates=true, hibernate.jdbc.batch_size=5}
2023-05-08 22:56:49.332  INFO [dxc-example-service,,] 8108 --- [main] o.hibernate.jpa.internal.util.LogHelper  : HHH000204: Processing PersistenceUnitInfo [name: dataDbPersistenceUnit]
2023-05-08 22:56:49.368  INFO [dxc-example-service,,] 8108 --- [main] org.hibernate.Version                    : HHH000412: Hibernate ORM core version 5.4.32.Final
2023-05-08 22:56:49.452  INFO [dxc-example-service,,] 8108 --- [main] o.hibernate.annotations.common.Version   : HCANN000001: Hibernate Commons Annotations {5.1.2.Final}
2023-05-08 22:56:49.583  WARN [dxc-example-service,,] 8108 --- [main] com.zaxxer.hikari.HikariConfig           : HikariPool-2 - idleTimeout has been set but has no effect because the pool is operating as a fixed size pool.
2023-05-08 22:56:49.583  INFO [dxc-example-service,,] 8108 --- [main] com.zaxxer.hikari.HikariDataSource       : HikariPool-2 - Starting...
2023-05-08 22:56:49.585  INFO [dxc-example-service,,] 8108 --- [main] com.zaxxer.hikari.HikariDataSource       : HikariPool-2 - Start completed.
2023-05-08 22:56:49.592  INFO [dxc-example-service,,] 8108 --- [main] org.hibernate.dialect.Dialect            : HHH000400: Using dialect: org.hibernate.dialect.H2Dialect
2023-05-08 22:56:50.030  INFO [dxc-example-service,,] 8108 --- [main] o.h.e.t.j.p.i.JtaPlatformInitiator       : HHH000490: Using JtaPlatform implementation: [org.hibernate.engine.transaction.jta.platform.internal.NoJtaPlatform]
2023-05-08 22:56:50.036  INFO [dxc-example-service,,] 8108 --- [main] j.LocalContainerEntityManagerFactoryBean : Initialized JPA EntityManagerFactory for persistence unit 'dataDbPersistenceUnit'
2023-05-08 22:56:50.049  INFO [dxc-example-service,,] 8108 --- [main] t.g.d.i.d.d.c.DxcSamDatasourceConfig     : Initi EntityManagerFactory
2023-05-08 22:56:50.049  INFO [dxc-example-service,,] 8108 --- [main] t.g.d.i.d.d.c.DxcSamDatasourceConfig     : HikariDataSource HikariDataSource (null)
2023-05-08 22:56:50.049  INFO [dxc-example-service,,] 8108 --- [main] t.g.d.i.d.d.c.DxcSamDatasourceConfig     : JPA DatabasePlatform: org.hibernate.dialect.H2Dialect
2023-05-08 22:56:50.049  INFO [dxc-example-service,,] 8108 --- [main] t.g.d.i.d.d.c.DxcSamDatasourceConfig     : JPA Properties: {hibernate.format_sql=true, hibernate.use_sql_comments=true, hibernate.physical_naming_strategy=org.springframework.boot.orm.jpa.hibernate.SpringPhysicalNamingStrategy, hibernate.batch_versioned_data=true, javax.persistence.schema-generation.database.action=none, javax.persistence.schema-generation.scripts.drop-target=sqls/drop-schema.sql, hibernate.order_inserts=true, javax.persistence.schema-generation.scripts.create-target=sqls/create-schema.sql, javax.persistence.schema-generation.scripts.action=drop-and-create, hibernate.show_sql=false, hibernate.generate_statistics=false, hibernate.order_updates=true, hibernate.jdbc.batch_size=5}
2023-05-08 22:56:50.051  INFO [dxc-example-service,,] 8108 --- [main] o.hibernate.jpa.internal.util.LogHelper  : HHH000204: Processing PersistenceUnitInfo [name: dxcSamPersistenceUnit]
2023-05-08 22:56:50.086  WARN [dxc-example-service,,] 8108 --- [main] com.zaxxer.hikari.HikariConfig           : HikariPool-3 - idleTimeout has been set but has no effect because the pool is operating as a fixed size pool.
2023-05-08 22:56:50.086  INFO [dxc-example-service,,] 8108 --- [main] com.zaxxer.hikari.HikariDataSource       : HikariPool-3 - Starting...
2023-05-08 22:56:50.088  INFO [dxc-example-service,,] 8108 --- [main] com.zaxxer.hikari.HikariDataSource       : HikariPool-3 - Start completed.
2023-05-08 22:56:50.088  INFO [dxc-example-service,,] 8108 --- [main] org.hibernate.dialect.Dialect            : HHH000400: Using dialect: org.hibernate.dialect.H2Dialect
2023-05-08 22:56:50.153  INFO [dxc-example-service,,] 8108 --- [main] o.h.e.t.j.p.i.JtaPlatformInitiator       : HHH000490: Using JtaPlatform implementation: [org.hibernate.engine.transaction.jta.platform.internal.NoJtaPlatform]
2023-05-08 22:56:50.153  INFO [dxc-example-service,,] 8108 --- [main] j.LocalContainerEntityManagerFactoryBean : Initialized JPA EntityManagerFactory for persistence unit 'dxcSamPersistenceUnit'
2023-05-08 22:56:50.158  INFO [dxc-example-service,,] 8108 --- [main] t.g.d.i.d.p.c.PrimaryDatasourceConfig    : Initi EntityManagerFactory
2023-05-08 22:56:50.158  INFO [dxc-example-service,,] 8108 --- [main] t.g.d.i.d.p.c.PrimaryDatasourceConfig    : HikariDataSource HikariDataSource (HikariPool-1)
2023-05-08 22:56:50.158  INFO [dxc-example-service,,] 8108 --- [main] t.g.d.i.d.p.c.PrimaryDatasourceConfig    : JPA Properties: {hibernate.format_sql=true, hibernate.use_sql_comments=true, hibernate.physical_naming_strategy=org.springframework.boot.orm.jpa.hibernate.SpringPhysicalNamingStrategy, hibernate.batch_versioned_data=true, javax.persistence.schema-generation.database.action=drop-and-create, javax.persistence.schema-generation.scripts.drop-target=sqls/drop-schema.sql, hibernate.order_inserts=true, javax.persistence.schema-generation.scripts.create-target=sqls/create-schema.sql, javax.persistence.schema-generation.scripts.action=drop-and-create, hibernate.show_sql=false, hibernate.generate_statistics=false, hibernate.order_updates=true, hibernate.jdbc.batch_size=5}
2023-05-08 22:56:50.160  INFO [dxc-example-service,,] 8108 --- [main] o.hibernate.jpa.internal.util.LogHelper  : HHH000204: Processing PersistenceUnitInfo [name: primaryPersistenceUnit]
2023-05-08 22:56:50.195  INFO [dxc-example-service,,] 8108 --- [main] org.hibernate.dialect.Dialect            : HHH000400: Using dialect: org.hibernate.dialect.H2Dialect
2023-05-08 22:56:50.227  INFO [dxc-example-service,,] 8108 --- [main] o.h.e.t.j.p.i.JtaPlatformInitiator       : HHH000490: Using JtaPlatform implementation: [org.hibernate.engine.transaction.jta.platform.internal.NoJtaPlatform]
2023-05-08 22:56:50.227  INFO [dxc-example-service,,] 8108 --- [main] j.LocalContainerEntityManagerFactoryBean : Initialized JPA EntityManagerFactory for persistence unit 'primaryPersistenceUnit'
2023-05-08 22:56:50.233  INFO [dxc-example-service,,] 8108 --- [main] .g.d.i.d.r.c.ReferenceDbDatasourceConfig : Initi EntityManagerFactory
2023-05-08 22:56:50.233  INFO [dxc-example-service,,] 8108 --- [main] .g.d.i.d.r.c.ReferenceDbDatasourceConfig : HikariDataSource HikariDataSource (null)
2023-05-08 22:56:50.234  INFO [dxc-example-service,,] 8108 --- [main] .g.d.i.d.r.c.ReferenceDbDatasourceConfig : JPA DatabasePlatform: org.hibernate.dialect.H2Dialect
2023-05-08 22:56:50.234  INFO [dxc-example-service,,] 8108 --- [main] .g.d.i.d.r.c.ReferenceDbDatasourceConfig : JPA Properties: {hibernate.format_sql=true, hibernate.use_sql_comments=true, hibernate.physical_naming_strategy=org.springframework.boot.orm.jpa.hibernate.SpringPhysicalNamingStrategy, hibernate.batch_versioned_data=true, javax.persistence.schema-generation.database.action=drop-and-create, javax.persistence.schema-generation.scripts.drop-target=sqls/drop-schema.sql, hibernate.order_inserts=true, javax.persistence.schema-generation.scripts.create-target=sqls/create-schema.sql, javax.persistence.schema-generation.scripts.action=drop-and-create, hibernate.show_sql=false, hibernate.generate_statistics=false, hibernate.order_updates=true, hibernate.jdbc.batch_size=5}
2023-05-08 22:56:50.236  INFO [dxc-example-service,,] 8108 --- [main] o.hibernate.jpa.internal.util.LogHelper  : HHH000204: Processing PersistenceUnitInfo [name: referenceDbPersistenceUnit]
2023-05-08 22:56:50.270  WARN [dxc-example-service,,] 8108 --- [main] com.zaxxer.hikari.HikariConfig           : HikariPool-4 - idleTimeout has been set but has no effect because the pool is operating as a fixed size pool.
2023-05-08 22:56:50.270  INFO [dxc-example-service,,] 8108 --- [main] com.zaxxer.hikari.HikariDataSource       : HikariPool-4 - Starting...
2023-05-08 22:56:50.271  INFO [dxc-example-service,,] 8108 --- [main] com.zaxxer.hikari.HikariDataSource       : HikariPool-4 - Start completed.
2023-05-08 22:56:50.271  INFO [dxc-example-service,,] 8108 --- [main] org.hibernate.dialect.Dialect            : HHH000400: Using dialect: org.hibernate.dialect.H2Dialect
2023-05-08 22:56:50.293  INFO [dxc-example-service,,] 8108 --- [main] o.h.e.t.j.p.i.JtaPlatformInitiator       : HHH000490: Using JtaPlatform implementation: [org.hibernate.engine.transaction.jta.platform.internal.NoJtaPlatform]
2023-05-08 22:56:50.293  INFO [dxc-example-service,,] 8108 --- [main] j.LocalContainerEntityManagerFactoryBean : Initialized JPA EntityManagerFactory for persistence unit 'referenceDbPersistenceUnit'
2023-05-08 22:56:50.454  INFO [dxc-example-service,,] 8108 --- [main] t.g.d.s.u.o.m.DefaultOrikaConfigurer     : DefaultOrikaMapper.configureMapping
2023-05-08 22:56:50.831  WARN [dxc-example-service,,] 8108 --- [main] o.s.b.c.c.a.DefaultBatchConfigurer       : No transaction manager was provided, using a DataSourceTransactionManager
2023-05-08 22:56:50.843  INFO [dxc-example-service,,] 8108 --- [main] o.s.b.c.r.s.JobRepositoryFactoryBean     : No database type set, using meta data indicating: H2
2023-05-08 22:56:50.873  INFO [dxc-example-service,,] 8108 --- [main] th.go.dxc.share.config.BatchConfig       : init taskExecutor
2023-05-08 22:56:51.362  INFO [dxc-example-service,,] 8108 --- [main] o.s.b.a.e.web.EndpointLinksResolver      : Exposing 26 endpoint(s) beneath base path '/actuator'
2023-05-08 22:56:52.399  INFO [dxc-example-service,,] 8108 --- [main] o.s.s.web.DefaultSecurityFilterChain     : Will secure Or [Ant [pattern='/services/**'], Ant [pattern='/api/**']] with [org.springframework.security.web.context.request.async.WebAsyncManagerIntegrationFilter@68e5b18c, org.springframework.security.web.context.SecurityContextPersistenceFilter@55023ead, org.springframework.security.web.header.HeaderWriterFilter@7d043960, org.springframework.web.filter.CorsFilter@272c18a1, org.springframework.security.web.authentication.logout.LogoutFilter@50ba8e64, org.springframework.security.oauth2.server.resource.web.BearerTokenAuthenticationFilter@5f5e99af, org.springframework.security.web.savedrequest.RequestCacheAwareFilter@11ae16d8, org.springframework.security.web.servletapi.SecurityContextHolderAwareRequestFilter@281a0c26, org.springframework.security.web.authentication.AnonymousAuthenticationFilter@2d9a82e9, org.springframework.security.web.session.SessionManagementFilter@7c096764, org.springframework.security.web.access.ExceptionTranslationFilter@34a4599a, org.springframework.security.web.access.intercept.FilterSecurityInterceptor@359da2e7]
2023-05-08 22:56:52.418  INFO [dxc-example-service,,] 8108 --- [main] t.go.dxc.share.config.SpringAsyncConfig  : create queryThreadPoolTaskExecutor with corePoolSize=1200, maxPoolSize=25200, queueCapacity=500, prefix=Query-
2023-05-08 22:56:52.701  INFO [dxc-example-service,,] 8108 --- [main] o.s.b.a.w.s.WelcomePageHandlerMapping    : Adding welcome page: class path resource [static/index.html]
2023-05-08 22:56:53.158  INFO [dxc-example-service,,] 8108 --- [main] DiscoveryClientOptionalArgsConfiguration : Eureka HTTP Client uses RestTemplate.
2023-05-08 22:56:53.574  INFO [dxc-example-service,,] 8108 --- [main] o.s.b.w.embedded.tomcat.TomcatWebServer  : Tomcat started on port(s): 8081 (http) with context path ''
2023-05-08 22:56:53.914  INFO [dxc-example-service,,] 8108 --- [main] th.go.dxc.DxcExampleServiceApplication   : Started DxcExampleServiceApplication in 9.005 seconds (JVM running for 9.367)
2023-05-08 22:56:53.920  INFO [dxc-example-service,,] 8108 --- [main] th.go.dxc.DxcExampleServiceApplication   : initDataAfterStartup: org.springframework.boot.context.event.ApplicationReadyEvent[source=org.springframework.boot.SpringApplication@5cf16f6a]
2023-05-08 22:56:53.925  INFO [dxc-example-service,,] 8108 --- [main] th.go.dxc.share.util.DummyDataUtil       : Saving: TsiPersonContactEntity(personId=-5106534569952410475, givenName=eOMtThyhVNLWUZNRcBaQKxIyedUsFwdkelQbx, surName=eTeQOvaScfqIOOmaaJxkyvRnLRYtGKbgicZaHCBRQDSxVLhpf)
2023-05-08 22:56:53.982  INFO [dxc-example-service,,] 8108 --- [main] th.go.dxc.share.util.DummyDataUtil       : Saving: TsiPersonContactEntity(personId=-167885730524958550, givenName=QGTMDYpsBZxvfBoe, surName=ygjbUMaAIKKIkknjWEXJUfPxxQHeWKEJ)
2023-05-08 22:56:53.984  INFO [dxc-example-service,,] 8108 --- [main] th.go.dxc.share.util.DummyDataUtil       : Saving: TsiPersonContactEntity(personId=4672433029010564658, givenName=dpHYZGhtgdntugzvvKAXLhMLlNgNfZBdyFGRajVfJ, surName=NonEnOinZjUfzQhdgLLfDTDGspDbQvBQYuxiXXVytGCx)
2023-05-08 22:56:53.985  INFO [dxc-example-service,,] 8108 --- [main] th.go.dxc.share.util.DummyDataUtil       : Saving: TsiPersonContactEntity(personId=-7216359497931550918, givenName=zVllpgTJKhRQqqszYLYdvDhtAsLghPXAgtbpr, surName=XPZkhnfL)
2023-05-08 22:56:53.987  INFO [dxc-example-service,,] 8108 --- [main] th.go.dxc.share.util.DummyDataUtil       : Saving: TsiPersonContactEntity(personId=-3581075550420886390, givenName=TBSXsPBOxmQInyIvpRgmgQsYEKkAAAryjCRhLTuh, surName=nTodUewZQqaZErUaofGvthLoyPLDADY)
2023-05-08 22:56:53.988  INFO [dxc-example-service,,] 8108 --- [main] th.go.dxc.share.util.DummyDataUtil       : Saving: TsiPersonContactEntity(personId=-2298228485105199876, givenName=zxWoaMAzEEplqjJjNBgpTmxxpIoQMODRhfGEfXIoTtOmc, surName=BeivNUYvPBz)
2023-05-08 22:56:53.989  INFO [dxc-example-service,,] 8108 --- [main] th.go.dxc.share.util.DummyDataUtil       : Saving: TsiPersonContactEntity(personId=-5237980416576129062, givenName=MiJFouxILNvFthRIkEgEYzhlSTPkcSUyTSbBkUOVdwprLNbg, surName=NvZUMpq)
2023-05-08 22:56:53.990  INFO [dxc-example-service,,] 8108 --- [main] th.go.dxc.share.util.DummyDataUtil       : Saving: TsiPersonContactEntity(personId=1326634973105178603, givenName=AXLJbjET, surName=iQaUNWftn)
2023-05-08 22:56:53.991  INFO [dxc-example-service,,] 8108 --- [main] th.go.dxc.share.util.DummyDataUtil       : Saving: TsiPersonContactEntity(personId=-3758321679654915806, givenName=iOAotnzWvkQtWruzGVyIdgFU, surName=YNdkFYkkjNIeENlreqFLCMFOPluIOMfSnzXHuubOREhR)
2023-05-08 22:56:53.991  INFO [dxc-example-service,,] 8108 --- [main] th.go.dxc.share.util.DummyDataUtil       : Saving: TsiPersonContactEntity(personId=-7771300887898959616, givenName=XJoDCVcLCRmlloBeMdQkAoYZDjfWhb, surName=zkmANBaxYoMSiMNxLXFLxI)
2023-05-08 22:56:53.992  INFO [dxc-example-service,,] 8108 --- [main] th.go.dxc.share.util.DummyDataUtil       : Saving: TsiPersonContactEntity(personId=-1694783153133139413, givenName=okteOlrImKiDpJbL, surName=DnvKDiACnbE)
2023-05-08 22:56:53.993  INFO [dxc-example-service,,] 8108 --- [main] th.go.dxc.share.util.DummyDataUtil       : Saving: TsiPersonContactEntity(personId=2746989241534039508, givenName=KIFidnAzTacoMOyy, surName=bxVLsNlAeLWVhnIULZAyLBmsL)
2023-05-08 22:56:53.994  INFO [dxc-example-service,,] 8108 --- [main] th.go.dxc.share.util.DummyDataUtil       : Saving: TsiPersonContactEntity(personId=-457112246358890037, givenName=cdeWTdXPlQgjMVXbpRYzBTjz, surName=lglRKAeamYUmWJ)
2023-05-08 22:56:53.995  INFO [dxc-example-service,,] 8108 --- [main] th.go.dxc.share.util.DummyDataUtil       : Saving: TsiPersonContactEntity(personId=1210033231312349320, givenName=tnJZLqwakeYceaYFBlWcoVdFXlfhbUil, surName=kMpiHD)
2023-05-08 22:56:53.996  INFO [dxc-example-service,,] 8108 --- [main] th.go.dxc.share.util.DummyDataUtil       : Saving: TsiPersonContactEntity(personId=1282378635546458216, givenName=MUveErKUBEqCrhrtgxJkjHewSlMWOIVYZjIE, surName=BetqguztlWtKhlfZzDZxlpKnXmsjfwUTYgf)
2023-05-08 22:56:53.997  INFO [dxc-example-service,,] 8108 --- [main] th.go.dxc.share.util.DummyDataUtil       : Saving: TsiPersonContactEntity(personId=1674084292433445352, givenName=ExSOnqwX, surName=gwbUXmExZAqYdJStFJtVTQqOCjYYKFPwjvFKLQnmKDyLUuE)
2023-05-08 22:56:53.998  INFO [dxc-example-service,,] 8108 --- [main] th.go.dxc.share.util.DummyDataUtil       : Saving: TsiPersonContactEntity(personId=7830028867000074426, givenName=MaNwExpndMYYptSXZvExoLZA, surName=nxWrozQeAydAJIwkGuKWiVZLRcElhreuxvwY)
2023-05-08 22:56:53.999  INFO [dxc-example-service,,] 8108 --- [main] th.go.dxc.share.util.DummyDataUtil       : Saving: TsiPersonContactEntity(personId=-2317076407365535282, givenName=VeSelxWdEtYtJHVetgDUdmbcTVyrXOaoLCF, surName=QUOEXynhazhXJISTdcdpWVIhYOTAybWXy)
2023-05-08 22:56:54.000  INFO [dxc-example-service,,] 8108 --- [main] th.go.dxc.share.util.DummyDataUtil       : Saving: TsiPersonContactEntity(personId=-7837950195727116076, givenName=BzGqRewKkOqxJSqDjAtcDFMMSKuTHj, surName=DRbPaqGjvVLsIUOYaahxww)
2023-05-08 22:56:54.001  INFO [dxc-example-service,,] 8108 --- [main] th.go.dxc.share.util.DummyDataUtil       : Saving: TsiPersonContactEntity(personId=7314076204812145092, givenName=kKaNVLssRUeMe, surName=dmIqFU)
2023-05-08 22:56:54.002  INFO [dxc-example-service,,] 8108 --- [main] th.go.dxc.share.util.DummyDataUtil       : Saving: TsiPersonContactEntity(personId=4765075071605135204, givenName=tdxTBR, surName=RVabCDwmrfUyJVSbdBFIyjTfpDItaXBIQrWtYnHcOX)
2023-05-08 22:56:54.002  INFO [dxc-example-service,,] 8108 --- [main] th.go.dxc.share.util.DummyDataUtil       : Saving: TsiPersonContactEntity(personId=2818517680934561261, givenName=gLyqkDjxtCDIjGGiDYDmCRViOaAXNumPGEBXOb, surName=plgXSPAgcjtZAOBahwMGwNikIaKuxYYVASJcIaSPolvldIf)
2023-05-08 22:56:54.003  INFO [dxc-example-service,,] 8108 --- [main] th.go.dxc.share.util.DummyDataUtil       : Saving: TsiPersonContactEntity(personId=4804084248667953465, givenName=ZTciudeieeoLVjkmgvzBItmxBtJpbqEfQgWhKXmKMI, surName=CCEUYIvewgAhbiAslSgvGJGPPEpl)
2023-05-08 22:56:54.004  INFO [dxc-example-service,,] 8108 --- [main] th.go.dxc.share.util.DummyDataUtil       : Saving: TsiPersonContactEntity(personId=8516528816379729956, givenName=FkGBXjwiQjQKBhPbNYaoDLDPRJuhuUT, surName=lSCYdTVoSsJGyCl)
2023-05-08 22:56:54.005  INFO [dxc-example-service,,] 8108 --- [main] th.go.dxc.share.util.DummyDataUtil       : Saving: TsiPersonContactEntity(personId=8099979915178793733, givenName=HNnCWZGwZImfitPVWq, surName=HXHNeZIUAYIToPMiWqHMXgOUxQpXiGHHqrJU)
2023-05-08 22:56:54.006  INFO [dxc-example-service,,] 8108 --- [main] th.go.dxc.share.util.DummyDataUtil       : Saving: TsiPersonContactEntity(personId=3899741886324459877, givenName=tjWgnTkIeIrtqMPlBIJtaerQ, surName=EskqEWDSDObmCGpVdIgYnmBOoTiRwXILYPxNoVlgkbSZtOXr)
2023-05-08 22:56:54.006  INFO [dxc-example-service,,] 8108 --- [main] th.go.dxc.share.util.DummyDataUtil       : Saving: TsiPersonContactEntity(personId=-7116529718146323612, givenName=rDetIVodUvethundXqBJQqPFJOkHIpWuqUBpP, surName=iSGKutNzPuBDeZfevGGI)
2023-05-08 22:56:54.007  INFO [dxc-example-service,,] 8108 --- [main] th.go.dxc.share.util.DummyDataUtil       : Saving: TsiPersonContactEntity(personId=617189662771004779, givenName=yInuRGUCgGcGUaENkutTuUTCnBJbTUuAgHABZTPBCVaNvgPN, surName=PNdoDlMXoAwSuSKKPcTHZBzhTZ)
2023-05-08 22:56:54.008  INFO [dxc-example-service,,] 8108 --- [main] th.go.dxc.share.util.DummyDataUtil       : Saving: TsiPersonContactEntity(personId=-5738853485602064100, givenName=zyzEYLAEhIrdjvCm, surName=ERMlQwRtlgJMzFfzLvgGOdyoxJFIVsRIMiVn)
2023-05-08 22:56:54.009  INFO [dxc-example-service,,] 8108 --- [main] th.go.dxc.share.util.DummyDataUtil       : Saving: TsiPersonContactEntity(personId=-5827090338538224485, givenName=PwvmkahoHdVyCi, surName=zihprfcQEa)
2023-05-08 22:56:54.009  INFO [dxc-example-service,,] 8108 --- [main] th.go.dxc.share.util.DummyDataUtil       : Saving: TsiPersonContactEntity(personId=1388282375910965670, givenName=hQopqOKigBgIRbVxIKizEZqcOHAtUB, surName=CLrPcedRWcOcanMJunJPSxwMDkpV)
2023-05-08 22:56:54.010  INFO [dxc-example-service,,] 8108 --- [main] th.go.dxc.share.util.DummyDataUtil       : Saving: TsiPersonContactEntity(personId=-981261886383069152, givenName=dpPPmMkvQzM, surName=PMzmvOeNujiqMhRMxZqYNVITQFLfa)
2023-05-08 22:56:54.011  INFO [dxc-example-service,,] 8108 --- [main] th.go.dxc.share.util.DummyDataUtil       : Saving: TsiPersonContactEntity(personId=8058951195138745325, givenName=tDljaRmBHVPKTqAe, surName=eGGOsayeZaiidNlrP)
2023-05-08 22:56:54.012  INFO [dxc-example-service,,] 8108 --- [main] th.go.dxc.share.util.DummyDataUtil       : Saving: TsiPersonContactEntity(personId=-5648106443147652010, givenName=LOmYMZqHxETBnrbhFbMsMop, surName=QFReYOZHuOkw)
2023-05-08 22:56:54.013  INFO [dxc-example-service,,] 8108 --- [main] th.go.dxc.share.util.DummyDataUtil       : Saving: TsiPersonContactEntity(personId=-5969394034050049196, givenName=oGMjfyzrGeRegVvrtUcZvoMDBOXQZoTVTRibibvfrV, surName=UEZvXnsKKeWRvXUOoM)
2023-05-08 22:56:54.014  INFO [dxc-example-service,,] 8108 --- [main] th.go.dxc.share.util.DummyDataUtil       : Saving: TsiPersonContactEntity(personId=-6847734019527209621, givenName=FOntGwQOupyXNhMOUjVDsGIsR, surName=cmcJcrTBYYfMOJsQvyvOyYRbkdQgIsAfelbohR)
2023-05-08 22:56:54.015  INFO [dxc-example-service,,] 8108 --- [main] th.go.dxc.share.util.DummyDataUtil       : Saving: TsiPersonContactEntity(personId=-7845324134759045378, givenName=fbxOA, surName=wBtmfSwKEpYp)
2023-05-08 22:56:54.016  INFO [dxc-example-service,,] 8108 --- [main] th.go.dxc.share.util.DummyDataUtil       : Saving: TsiPersonContactEntity(personId=7156814178861103683, givenName=QmhGWhGIMrvodaRacatwcYZzQRMJmsdQDOgtFXhTSqWHdFjjb, surName=PJroycDTFWcAFCgCUKZOnRWjfYXGfQaeulMShbjkpWHaCgI)
2023-05-08 22:56:54.017  INFO [dxc-example-service,,] 8108 --- [main] th.go.dxc.share.util.DummyDataUtil       : Saving: TsiPersonContactEntity(personId=3488800780984115528, givenName=HDqpvBvXwUntedYgKyfsYslKCiAqRVGYCcWqiiCdoqN, surName=VwxNkedJXwzScVQgsXMQZIeIMCcDoozHPdtFuXb)
2023-05-08 22:56:54.017  INFO [dxc-example-service,,] 8108 --- [main] th.go.dxc.share.util.DummyDataUtil       : Saving: TsiPersonContactEntity(personId=492926413741371804, givenName=glQmPpfa, surName=FWCNHGlJZvyxlRcjBqfswvxlpC)
2023-05-08 22:56:54.018  INFO [dxc-example-service,,] 8108 --- [main] th.go.dxc.share.util.DummyDataUtil       : Saving: TsiPersonContactEntity(personId=582119640634903450, givenName=fRTeKwFQdmmf, surName=VfpqlXlSDZHYrNdKIneNxIvWnrOaoRCoblYrsQFiCOxvKWEj)
2023-05-08 22:56:54.019  INFO [dxc-example-service,,] 8108 --- [main] th.go.dxc.share.util.DummyDataUtil       : Saving: TsiPersonContactEntity(personId=-3128420272228665997, givenName=rAsPDzKxhfmjLgOGYauEgmMmxBzALRKe, surName=aQbsnmRMhHfErVCEkcHdqLHkfzZyqoOobgrML)
2023-05-08 22:56:54.019  INFO [dxc-example-service,,] 8108 --- [main] th.go.dxc.share.util.DummyDataUtil       : Saving: TsiPersonContactEntity(personId=-4794565267078688161, givenName=dCifPGZC, surName=bbiuzPAIhgbdQSDjSwUMITalAE)
2023-05-08 22:56:54.020  INFO [dxc-example-service,,] 8108 --- [main] th.go.dxc.share.util.DummyDataUtil       : Saving: TsiPersonContactEntity(personId=-1079643762651135835, givenName=nGIDKuGsdXQSb, surName=MazTniYZanZqNTlkfPAjvyKPihCrCm)
2023-05-08 22:56:54.021  INFO [dxc-example-service,,] 8108 --- [main] th.go.dxc.share.util.DummyDataUtil       : Saving: TsiPersonContactEntity(personId=-3210848112367399599, givenName=zoRxLcQsxVLytaESEowKELmsDjaKUHQGcwfpMvtcjfP, surName=JOVHQjmVC)
2023-05-08 22:56:54.022  INFO [dxc-example-service,,] 8108 --- [main] th.go.dxc.share.util.DummyDataUtil       : Saving: TsiPersonContactEntity(personId=-8961286854129169704, givenName=gCePeHOEyaVUnOnIbTeygCJPTWqGbAIxvEM, surName=ePviztmdfqpvNrRqHVbFAphbnBMTIROLytPfLdSDzTAVPw)
2023-05-08 22:56:54.023  INFO [dxc-example-service,,] 8108 --- [main] th.go.dxc.share.util.DummyDataUtil       : Saving: TsiPersonContactEntity(personId=-7487977810896584711, givenName=bGXOuPomfsEzkUDLepGWiPMAOQ, surName=VnUwQPraJHLPryXdgmWNbwLUXU)
2023-05-08 22:56:54.023  INFO [dxc-example-service,,] 8108 --- [main] th.go.dxc.share.util.DummyDataUtil       : Saving: TsiPersonContactEntity(personId=4210921260047574683, givenName=eMmwWThmFgfrlFCgyZxbpsUGupqoy, surName=QpVRFpRXlWkaZgdLUFlWyKvdrHfKgZIFWDnwypaEupd)
2023-05-08 22:56:54.024  INFO [dxc-example-service,,] 8108 --- [main] th.go.dxc.share.util.DummyDataUtil       : Saving: TsiPersonContactEntity(personId=5592478093667638902, givenName=RXDoXqDqJYSuEuOxsDtMWutbmjqfypdBQigZkVfaVt, surName=BThexbZwMuoEMhthsxzczLQLnnaShLWsrKonD)
2023-05-08 22:56:54.026  INFO [dxc-example-service,,] 8108 --- [main] th.go.dxc.share.util.DummyDataUtil       : Saving: TsiPersonContactEntity(personId=-5625430285771842101, givenName=TdxYMgrEFTmbXZsOtJZgOSYbvqFYoiRAvQVzKws, surName=YrJoXpjgfJSbfvnFXvnxIBefpVNAHfDSYv)
2023-05-08 22:56:54.026  INFO [dxc-example-service,,] 8108 --- [main] th.go.dxc.share.util.DummyDataUtil       : Saving: TsiPersonContactEntity(personId=7900063374667700860, givenName=GOosmixlhAkVJqloTKfzouiPpaWXBjxEYA, surName=ukFKNbgNPkMqmUbiO)
2023-05-08 22:56:54.027  INFO [dxc-example-service,,] 8108 --- [main] th.go.dxc.share.util.DummyDataUtil       : Saving: TsiPersonContactEntity(personId=-636830170795397064, givenName=cAqem, surName=ovuDfYPYRKGL)
2023-05-08 22:56:54.028  INFO [dxc-example-service,,] 8108 --- [main] th.go.dxc.share.util.DummyDataUtil       : Saving: TsiPersonContactEntity(personId=-5064906505645556577, givenName=kCycEvgJBLFguQPIDKGTeLyuwQleqFmPPghIgjPI, surName=bCvcLfvZgLtoHPdhkNUhzrzgPkCDqfMwHikwtySG)
2023-05-08 22:56:54.029  INFO [dxc-example-service,,] 8108 --- [main] th.go.dxc.share.util.DummyDataUtil       : Saving: TsiPersonContactEntity(personId=6182569346087950473, givenName=bIgOGiJvvkrWkCNNzcc, surName=NMlMpT)
2023-05-08 22:56:54.030  INFO [dxc-example-service,,] 8108 --- [main] th.go.dxc.share.util.DummyDataUtil       : Saving: TsiPersonContactEntity(personId=-769426772277834287, givenName=pPHdOpcJiiMIwxsqgTGQIdWDuDiH, surName=IVvNkATvQKBNBcIltsNMy)
2023-05-08 22:56:54.030  INFO [dxc-example-service,,] 8108 --- [main] th.go.dxc.share.util.DummyDataUtil       : Saving: TsiPersonContactEntity(personId=8952652488435071836, givenName=znxPlsrucWTgYTkyMP, surName=ChSBLsBVdlMNlS)
2023-05-08 22:56:54.031  INFO [dxc-example-service,,] 8108 --- [main] th.go.dxc.share.util.DummyDataUtil       : Saving: TsiPersonContactEntity(personId=4530030225633203497, givenName=sOFvnyYGvMfR, surName=BFBQTCAXujDhGGHwUpKLx)
2023-05-08 22:56:54.032  INFO [dxc-example-service,,] 8108 --- [main] th.go.dxc.share.util.DummyDataUtil       : Saving: TsiPersonContactEntity(personId=-5622147162416175951, givenName=nEOxJ, surName=tAzCNYJESqYyrow)
2023-05-08 22:56:54.033  INFO [dxc-example-service,,] 8108 --- [main] th.go.dxc.share.util.DummyDataUtil       : Saving: TsiPersonContactEntity(personId=4047834147411242470, givenName=nyletAnEMeX, surName=nRAVNUSkRyrsiAhLzZQr)
2023-05-08 22:56:54.034  INFO [dxc-example-service,,] 8108 --- [main] th.go.dxc.share.util.DummyDataUtil       : Saving: TsiPersonContactEntity(personId=2050976543698204552, givenName=yGvbioUIMmhLOqDltf, surName=UwAqWoxZC)
2023-05-08 22:56:54.035  INFO [dxc-example-service,,] 8108 --- [main] th.go.dxc.share.util.DummyDataUtil       : Saving: TsiPersonContactEntity(personId=-8000419653771970126, givenName=VmIvUyradKNbxMwTiYlONPby, surName=tccZevAHtGXfYKqo)
2023-05-08 22:56:54.036  INFO [dxc-example-service,,] 8108 --- [main] th.go.dxc.share.util.DummyDataUtil       : Saving: TsiPersonContactEntity(personId=-8952004768583126073, givenName=ANOFhotFmctdBhLgmXhGFuBSu, surName=uuhtxsjbfwZ)
2023-05-08 22:56:54.036  INFO [dxc-example-service,,] 8108 --- [main] th.go.dxc.share.util.DummyDataUtil       : Saving: TsiPersonContactEntity(personId=2851692972699431722, givenName=YEWqrMoERZwiVbdTtMjmWLVJ, surName=dmhpPdXcLEOePwoqFBxBHAcdvXeItYcffjPqMDH)
2023-05-08 22:56:54.037  INFO [dxc-example-service,,] 8108 --- [main] th.go.dxc.share.util.DummyDataUtil       : Saving: TsiPersonContactEntity(personId=-8262935286139685279, givenName=eAwhGweLJpLKocfysZhLylzXvX, surName=fEEdYALxQwJOjvvuCQHjHHjFwVKkoxYxdAVPkBG)
2023-05-08 22:56:54.041  INFO [dxc-example-service,,] 8108 --- [main] th.go.dxc.share.util.DummyDataUtil       : Saving: TsiPersonContactEntity(personId=4854543426611963037, givenName=VIWzzFVwyWKzlhKMqmsLqQUDBzKxKZIkowQoBkpSHWp, surName=DJcdJoylOJWe)
2023-05-08 22:56:54.043  INFO [dxc-example-service,,] 8108 --- [main] th.go.dxc.share.util.DummyDataUtil       : Saving: TsiPersonContactEntity(personId=5181313837801002933, givenName=kLYCilwsmS, surName=glpMXbLsYYTZxzTrfzCLXljsIVShAwZLk)
2023-05-08 22:56:54.043  INFO [dxc-example-service,,] 8108 --- [main] th.go.dxc.share.util.DummyDataUtil       : Saving: TsiPersonContactEntity(personId=7668428197995251475, givenName=KFyzvANfv, surName=fGUbqPjfDQjzUXCKwuOqcj)
2023-05-08 22:56:54.044  INFO [dxc-example-service,,] 8108 --- [main] th.go.dxc.share.util.DummyDataUtil       : Saving: TsiPersonContactEntity(personId=3098185324426972211, givenName=IOMRvUFXXnMrEmllBwZlNVKwsmgTpEVnNlLNEgywAIditVR, surName=ctqhWx)
2023-05-08 22:56:54.045  INFO [dxc-example-service,,] 8108 --- [main] th.go.dxc.share.util.DummyDataUtil       : Saving: TsiPersonContactEntity(personId=-3082813733013320303, givenName=HmbRgvRWfSOtkMbpZjumQOYEaaDWymzEpIwdYgEQzA, surName=PpmGvvt)
2023-05-08 22:56:54.045  INFO [dxc-example-service,,] 8108 --- [main] th.go.dxc.share.util.DummyDataUtil       : Saving: TsiPersonContactEntity(personId=5577812605819267909, givenName=ncdxYgVqcwOMAnizM, surName=jcHvTdAqEeTahiGzeQjBPvBfmEOkTuZxpKYcrtybtSIOUk)
2023-05-08 22:56:54.046  INFO [dxc-example-service,,] 8108 --- [main] th.go.dxc.share.util.DummyDataUtil       : Saving: TsiPersonContactEntity(personId=8235617940769464475, givenName=drIatQJjiWCMDkLduYEHIssJ, surName=ZqYakUZo)
2023-05-08 22:56:54.047  INFO [dxc-example-service,,] 8108 --- [main] th.go.dxc.share.util.DummyDataUtil       : Saving: TsiPersonContactEntity(personId=-4825131875311943573, givenName=zqmwXCSgjaOmseCOwlqrKytwgUOzsLsMKOMTiBJP, surName=LXEijWVCigyGiabrJpQjXAEUPNrvhXOvl)
2023-05-08 22:56:54.048  INFO [dxc-example-service,,] 8108 --- [main] th.go.dxc.share.util.DummyDataUtil       : Saving: TsiPersonContactEntity(personId=322621444567911930, givenName=dCUDmTQTFQYhtRqbtZYSVyFVQSoAjfhncysRgtxkP, surName=RiWKVApzFcYlBTazUiAWugTbTusLrU)
2023-05-08 22:56:54.048  INFO [dxc-example-service,,] 8108 --- [main] th.go.dxc.share.util.DummyDataUtil       : Saving: TsiPersonContactEntity(personId=3236989773587778216, givenName=SDbyuVF, surName=msYkRxgCZZtvFBaYZvbJSRsxeDpYlIuVnR)
2023-05-08 22:56:54.049  INFO [dxc-example-service,,] 8108 --- [main] th.go.dxc.share.util.DummyDataUtil       : Saving: TsiPersonContactEntity(personId=-344757269133152065, givenName=wqqaXdEJHXlNyoXpYBEfiOSwhfPAOiXKrsyOBCjEqGXTSPT, surName=aSJMatrhFebZfoMIAAQjGyIrYzxhEbRpeQXeDZLbuxfB)
2023-05-08 22:56:54.050  INFO [dxc-example-service,,] 8108 --- [main] th.go.dxc.share.util.DummyDataUtil       : Saving: TsiPersonContactEntity(personId=-1065002770806944228, givenName=wEXXjhwQZuwbTNxAeoJQtTOflXbHOncEUnOv, surName=XIXcfWVIjSlBcJYITraltpvZfJTLmESNnapFhNsJpgFePnO)
2023-05-08 22:56:54.051  INFO [dxc-example-service,,] 8108 --- [main] th.go.dxc.share.util.DummyDataUtil       : Saving: TsiPersonContactEntity(personId=-2753290635360365177, givenName=ynsXVySnCsap, surName=wmbCYBGeeyfZrJFBNaEuifC)
2023-05-08 22:56:54.052  INFO [dxc-example-service,,] 8108 --- [main] th.go.dxc.share.util.DummyDataUtil       : Saving: TsiPersonContactEntity(personId=-4438636194038440974, givenName=NkszyiEoQ, surName=gZMLCkOPXmdXNjxJYWitjSodgEyQYcIOkvA)
2023-05-08 22:56:54.052  INFO [dxc-example-service,,] 8108 --- [main] th.go.dxc.share.util.DummyDataUtil       : Saving: TsiPersonContactEntity(personId=1288219434483998463, givenName=hLTcmYrOLszOqwGlmyzrhupKjZNKuuiOPAgFhomW, surName=JfRGWaenLOfnnbsvVUNOIIkGfcJxDJJZJbEarRLyuorIWNQOn)
2023-05-08 22:56:54.053  INFO [dxc-example-service,,] 8108 --- [main] th.go.dxc.share.util.DummyDataUtil       : Saving: TsiPersonContactEntity(personId=8985394130476872827, givenName=yxEhUZUS, surName=QTAwirgqwyeMkANvTRlyuhxQOVPbkYtn)
2023-05-08 22:56:54.054  INFO [dxc-example-service,,] 8108 --- [main] th.go.dxc.share.util.DummyDataUtil       : Saving: TsiPersonContactEntity(personId=3219914102854987434, givenName=UGVoPhqgtNq, surName=xpqBvcqbbcgbxddUcT)
2023-05-08 22:56:54.055  INFO [dxc-example-service,,] 8108 --- [main] th.go.dxc.share.util.DummyDataUtil       : Saving: TsiPersonContactEntity(personId=-712103834135173221, givenName=xgUrCNPcqD, surName=BqzRqqQguCWqelAZWGNDbwVydJ)
2023-05-08 22:56:54.055  INFO [dxc-example-service,,] 8108 --- [main] th.go.dxc.share.util.DummyDataUtil       : Saving: TsiPersonContactEntity(personId=-7105464414206290462, givenName=jUFpu, surName=YnYyFolqwISJOtzCNOSxfoRrtA)
2023-05-08 22:56:54.056  INFO [dxc-example-service,,] 8108 --- [main] th.go.dxc.share.util.DummyDataUtil       : Saving: TsiPersonContactEntity(personId=-5238968656038668445, givenName=fJCbmCImLHIRhFVI, surName=jiziEduCg)
2023-05-08 22:56:54.057  INFO [dxc-example-service,,] 8108 --- [main] th.go.dxc.share.util.DummyDataUtil       : Saving: TsiPersonContactEntity(personId=1503266920921125659, givenName=omzdXPPtQqsDNHAyGTnNUJXqHs, surName=cWZgWZAekDirveTpIBclzmLFFPUqsGHGzfbDtBzsLho)
2023-05-08 22:56:54.058  INFO [dxc-example-service,,] 8108 --- [main] th.go.dxc.share.util.DummyDataUtil       : Saving: TsiPersonContactEntity(personId=8741516651786060031, givenName=yPjMXvKqrbmqXPOsLZgRVfijYgrjkBScvAfFAJPLUOvn, surName=aZyFprInRwGnCzzKlBKKmerIMPAgkNoeYfbFOJRDN)
2023-05-08 22:56:54.058  INFO [dxc-example-service,,] 8108 --- [main] th.go.dxc.share.util.DummyDataUtil       : Saving: TsiPersonContactEntity(personId=3672649327952174959, givenName=jNdmVGBtztWTc, surName=afmTxR)
2023-05-08 22:56:54.059  INFO [dxc-example-service,,] 8108 --- [main] th.go.dxc.share.util.DummyDataUtil       : Saving: TsiPersonContactEntity(personId=-8085704630458716206, givenName=QraCtCxLklPivKOVaTw, surName=AKzvNqHVrbvjsWywtPAkEusXwpjFiYAEDphgbEnTsLWMLtX)
2023-05-08 22:56:54.060  INFO [dxc-example-service,,] 8108 --- [main] th.go.dxc.share.util.DummyDataUtil       : Saving: TsiPersonContactEntity(personId=-2700425672391700394, givenName=ndArryVNNNsBBwQCWudVIOdTBGekxiOKesleAVkNo, surName=pHIQgYGLlIATFrAvxsx)
2023-05-08 22:56:54.061  INFO [dxc-example-service,,] 8108 --- [main] th.go.dxc.share.util.DummyDataUtil       : Saving: TsiPersonContactEntity(personId=1875447224389451487, givenName=bMLeWsiFKoHURsAEFZObrvYcJZ, surName=UdQpkNMRWMnuq)
2023-05-08 22:56:54.061  INFO [dxc-example-service,,] 8108 --- [main] th.go.dxc.share.util.DummyDataUtil       : Saving: TsiPersonContactEntity(personId=-6118525659672718924, givenName=MZjGmbG, surName=pqIfdzlCGXKUnco)
2023-05-08 22:56:54.062  INFO [dxc-example-service,,] 8108 --- [main] th.go.dxc.share.util.DummyDataUtil       : Saving: TsiPersonContactEntity(personId=-1488003346043220886, givenName=GjNmiufEezsqjyaffrIBPZPaBSoCKMLUHpjvOgdpkHbj, surName=vyMUyiUotvTxvPHxRUSs)
2023-05-08 22:56:54.063  INFO [dxc-example-service,,] 8108 --- [main] th.go.dxc.share.util.DummyDataUtil       : Saving: TsiPersonContactEntity(personId=9006080150914153496, givenName=ONlVSeUjkrTV, surName=XWWjRxFVXqaXZ)
2023-05-08 22:56:54.063  INFO [dxc-example-service,,] 8108 --- [main] th.go.dxc.share.util.DummyDataUtil       : Saving: TsiPersonContactEntity(personId=8710816167972389854, givenName=zZfUZGjplCWIHgW, surName=CzzgQumDOlHcTKpEDMMQAinVaHOczHSZRaDcyblhiCGpFLjie)
2023-05-08 22:56:54.064  INFO [dxc-example-service,,] 8108 --- [main] th.go.dxc.share.util.DummyDataUtil       : Saving: TsiPersonContactEntity(personId=-8572165312685798590, givenName=raUbUBrfUNpNDetDurdTEuwhAbssiVUsjukttLVNgALOeIlaR, surName=bcuCmRofUKkWTQmuzKxQWOsGZtOkrZUwsHIfhAdCfVqsdi)
2023-05-08 22:56:54.065  INFO [dxc-example-service,,] 8108 --- [main] th.go.dxc.share.util.DummyDataUtil       : Saving: TsiPersonContactEntity(personId=-2481110233529327119, givenName=rCsvnVdfMIWKKRTzziBjTVesYHPeRqqnR, surName=MqkrUBXhcuMCyWsEJVFyrWhjUrBmyePrISvXOiTDXRusOyjf)
2023-05-08 22:56:54.066  INFO [dxc-example-service,,] 8108 --- [main] th.go.dxc.share.util.DummyDataUtil       : Saving: TsiPersonContactEntity(personId=-3168848078862468890, givenName=HuTWKRwBJOmgDTFMaFREGoKZovADJABgJQuuFKRCwdOHKbJ, surName=uFhfYRWRxtRlwIL)
2023-05-08 22:56:54.067  INFO [dxc-example-service,,] 8108 --- [main] th.go.dxc.share.util.DummyDataUtil       : Saving: TsiPersonContactEntity(personId=-4979170095138826490, givenName=VXbRvbIODtPxD, surName=YpLArKUnKpxzNsZDNCoNwEKoMHBjA)
2023-05-08 22:56:54.068  INFO [dxc-example-service,,] 8108 --- [main] th.go.dxc.share.util.DummyDataUtil       : Saving: TsiPersonContactEntity(personId=-4114973363003441233, givenName=jbiWSSSRpRXLAURzytlmbnRTFArBmCsVoOcCJNSi, surName=iARGiEvtzMXGjrOkbSWTmyDBSivvEABPQKbPFZM)
2023-05-08 22:56:54.069  INFO [dxc-example-service,,] 8108 --- [main] th.go.dxc.share.util.DummyDataUtil       : Saving: TsiPersonContactEntity(personId=-6217831313308587055, givenName=kmClFzFUyrbfdGsvwsjtVleuUVNr, surName=vjOYQBbPzeteLsatwvGFiQtsNzgu)
2023-05-08 22:57:22.748  INFO [dxc-example-service,,] 8108 --- [http-nio-8081-exec-1] o.a.c.c.C.[Tomcat].[localhost].[/]       : Initializing Spring DispatcherServlet 'dispatcherServlet'
2023-05-08 22:57:22.749  INFO [dxc-example-service,,] 8108 --- [http-nio-8081-exec-1] o.s.web.servlet.DispatcherServlet        : Initializing Servlet 'dispatcherServlet'
2023-05-08 22:57:22.750  INFO [dxc-example-service,,] 8108 --- [http-nio-8081-exec-1] o.s.web.servlet.DispatcherServlet        : Completed initialization in 1 ms
