2023-05-15 18:38:13.057  INFO [dxc-example-service,,] 12660 --- [main] th.go.dxc.DxcExampleServiceApplication   : Starting DxcExampleServiceApplication using Java 11.0.10 on DESKTOP-T6CVPQN with PID 12660 (C:\Users\patta\eclipse-workspace\dxc-example-service\target\classes started by patta in C:\Users\patta\eclipse-workspace\dxc-example-service)
2023-05-15 18:38:13.061  INFO [dxc-example-service,,] 12660 --- [main] th.go.dxc.DxcExampleServiceApplication   : The following profiles are active: dev
2023-05-15 18:38:13.890  INFO [dxc-example-service,,] 12660 --- [main] .s.d.r.c.RepositoryConfigurationDelegate : Bootstrapping Spring Data JPA repositories in DEFAULT mode.
2023-05-15 18:38:14.023  INFO [dxc-example-service,,] 12660 --- [main] .s.d.r.c.RepositoryConfigurationDelegate : Finished Spring Data repository scanning in 126 ms. Found 1 JPA repository interfaces.
2023-05-15 18:38:14.024  INFO [dxc-example-service,,] 12660 --- [main] .s.d.r.c.RepositoryConfigurationDelegate : Bootstrapping Spring Data JPA repositories in DEFAULT mode.
2023-05-15 18:38:14.030  INFO [dxc-example-service,,] 12660 --- [main] .s.d.r.c.RepositoryConfigurationDelegate : Finished Spring Data repository scanning in 5 ms. Found 2 JPA repository interfaces.
2023-05-15 18:38:14.030  INFO [dxc-example-service,,] 12660 --- [main] .s.d.r.c.RepositoryConfigurationDelegate : Bootstrapping Spring Data JPA repositories in DEFAULT mode.
2023-05-15 18:38:14.034  INFO [dxc-example-service,,] 12660 --- [main] .s.d.r.c.RepositoryConfigurationDelegate : Finished Spring Data repository scanning in 3 ms. Found 1 JPA repository interfaces.
2023-05-15 18:38:14.034  INFO [dxc-example-service,,] 12660 --- [main] .s.d.r.c.RepositoryConfigurationDelegate : Bootstrapping Spring Data JPA repositories in DEFAULT mode.
2023-05-15 18:38:14.038  INFO [dxc-example-service,,] 12660 --- [main] .s.d.r.c.RepositoryConfigurationDelegate : Finished Spring Data repository scanning in 3 ms. Found 1 JPA repository interfaces.
2023-05-15 18:38:14.758  INFO [dxc-example-service,,] 12660 --- [main] o.s.cloud.context.scope.GenericScope     : BeanFactory id=96d8a955-a3b4-3fb5-9053-53701f51fa13
2023-05-15 18:38:15.085  INFO [dxc-example-service,,] 12660 --- [main] trationDelegate$BeanPostProcessorChecker : Bean 'org.springframework.cloud.client.loadbalancer.reactive.LoadBalancerBeanPostProcessorAutoConfiguration' of type [org.springframework.cloud.client.loadbalancer.reactive.LoadBalancerBeanPostProcessorAutoConfiguration] is not eligible for getting processed by all BeanPostProcessors (for example: not eligible for auto-proxying)
2023-05-15 18:38:15.089  INFO [dxc-example-service,,] 12660 --- [main] trationDelegate$BeanPostProcessorChecker : Bean 'org.springframework.cloud.client.loadbalancer.reactive.LoadBalancerBeanPostProcessorAutoConfiguration$ReactorDeferringLoadBalancerFilterConfig' of type [org.springframework.cloud.client.loadbalancer.reactive.LoadBalancerBeanPostProcessorAutoConfiguration$ReactorDeferringLoadBalancerFilterConfig] is not eligible for getting processed by all BeanPostProcessors (for example: not eligible for auto-proxying)
2023-05-15 18:38:15.092  INFO [dxc-example-service,,] 12660 --- [main] trationDelegate$BeanPostProcessorChecker : Bean 'reactorDeferringLoadBalancerExchangeFilterFunction' of type [org.springframework.cloud.client.loadbalancer.reactive.DeferringLoadBalancerExchangeFilterFunction] is not eligible for getting processed by all BeanPostProcessors (for example: not eligible for auto-proxying)
2023-05-15 18:38:15.425  INFO [dxc-example-service,,] 12660 --- [main] o.s.b.w.embedded.tomcat.TomcatWebServer  : Tomcat initialized with port(s): 8081 (http)
2023-05-15 18:38:15.432  INFO [dxc-example-service,,] 12660 --- [main] o.apache.catalina.core.StandardService   : Starting service [Tomcat]
2023-05-15 18:38:15.433  INFO [dxc-example-service,,] 12660 --- [main] org.apache.catalina.core.StandardEngine  : Starting Servlet engine: [Apache Tomcat/9.0.48]
2023-05-15 18:38:15.575  INFO [dxc-example-service,,] 12660 --- [main] o.a.c.c.C.[Tomcat].[localhost].[/]       : Initializing Spring embedded WebApplicationContext
2023-05-15 18:38:15.575  INFO [dxc-example-service,,] 12660 --- [main] w.s.c.ServletWebServerApplicationContext : Root WebApplicationContext: initialization completed in 2480 ms
2023-05-15 18:38:15.734  WARN [dxc-example-service,,] 12660 --- [main] com.zaxxer.hikari.HikariConfig           : HikariPool-1 - idleTimeout has been set but has no effect because the pool is operating as a fixed size pool.
2023-05-15 18:38:15.735  INFO [dxc-example-service,,] 12660 --- [main] com.zaxxer.hikari.HikariDataSource       : HikariPool-1 - Starting...
2023-05-15 18:38:16.031  INFO [dxc-example-service,,] 12660 --- [main] com.zaxxer.hikari.HikariDataSource       : HikariPool-1 - Start completed.
2023-05-15 18:38:16.036  INFO [dxc-example-service,,] 12660 --- [main] o.s.b.a.h2.H2ConsoleAutoConfiguration    : H2 console available at '/h2-console'. Database available at 'jdbc:h2:mem:primary'
2023-05-15 18:38:17.201  INFO [dxc-example-service,,] 12660 --- [main] t.g.d.i.d.d.c.DataDbDatasourceConfig     : Initi EntityManagerFactory
2023-05-15 18:38:17.201  INFO [dxc-example-service,,] 12660 --- [main] t.g.d.i.d.d.c.DataDbDatasourceConfig     : HikariDataSource HikariDataSource (null)
2023-05-15 18:38:17.202  INFO [dxc-example-service,,] 12660 --- [main] t.g.d.i.d.d.c.DataDbDatasourceConfig     : JPA DatabasePlatform: org.hibernate.dialect.H2Dialect
2023-05-15 18:38:17.202  INFO [dxc-example-service,,] 12660 --- [main] t.g.d.i.d.d.c.DataDbDatasourceConfig     : JPA Properties: {hibernate.format_sql=true, hibernate.use_sql_comments=true, hibernate.physical_naming_strategy=org.springframework.boot.orm.jpa.hibernate.SpringPhysicalNamingStrategy, hibernate.batch_versioned_data=true, javax.persistence.schema-generation.database.action=drop-and-create, javax.persistence.schema-generation.scripts.drop-target=sqls/drop-schema.sql, hibernate.order_inserts=true, javax.persistence.schema-generation.scripts.create-target=sqls/create-schema.sql, javax.persistence.schema-generation.scripts.action=drop-and-create, hibernate.show_sql=false, hibernate.generate_statistics=false, hibernate.order_updates=true, hibernate.jdbc.batch_size=5}
2023-05-15 18:38:17.231  INFO [dxc-example-service,,] 12660 --- [main] o.hibernate.jpa.internal.util.LogHelper  : HHH000204: Processing PersistenceUnitInfo [name: dataDb55PersistenceUnit]
2023-05-15 18:38:17.293  INFO [dxc-example-service,,] 12660 --- [main] org.hibernate.Version                    : HHH000412: Hibernate ORM core version 5.4.32.Final
2023-05-15 18:38:17.419  INFO [dxc-example-service,,] 12660 --- [main] o.hibernate.annotations.common.Version   : HCANN000001: Hibernate Commons Annotations {5.1.2.Final}
2023-05-15 18:38:17.579  WARN [dxc-example-service,,] 12660 --- [main] com.zaxxer.hikari.HikariConfig           : HikariPool-2 - idleTimeout has been set but has no effect because the pool is operating as a fixed size pool.
2023-05-15 18:38:17.579  INFO [dxc-example-service,,] 12660 --- [main] com.zaxxer.hikari.HikariDataSource       : HikariPool-2 - Starting...
2023-05-15 18:38:17.580  INFO [dxc-example-service,,] 12660 --- [main] com.zaxxer.hikari.HikariDataSource       : HikariPool-2 - Start completed.
2023-05-15 18:38:17.590  INFO [dxc-example-service,,] 12660 --- [main] org.hibernate.dialect.Dialect            : HHH000400: Using dialect: org.hibernate.dialect.H2Dialect
2023-05-15 18:38:18.028  INFO [dxc-example-service,,] 12660 --- [main] o.h.e.t.j.p.i.JtaPlatformInitiator       : HHH000490: Using JtaPlatform implementation: [org.hibernate.engine.transaction.jta.platform.internal.NoJtaPlatform]
2023-05-15 18:38:18.034  INFO [dxc-example-service,,] 12660 --- [main] j.LocalContainerEntityManagerFactoryBean : Initialized JPA EntityManagerFactory for persistence unit 'dataDb55PersistenceUnit'
2023-05-15 18:38:18.048  INFO [dxc-example-service,,] 12660 --- [main] t.g.d.i.d.d.c.DxcSamDatasourceConfig     : Initi EntityManagerFactory
2023-05-15 18:38:18.048  INFO [dxc-example-service,,] 12660 --- [main] t.g.d.i.d.d.c.DxcSamDatasourceConfig     : HikariDataSource HikariDataSource (null)
2023-05-15 18:38:18.048  INFO [dxc-example-service,,] 12660 --- [main] t.g.d.i.d.d.c.DxcSamDatasourceConfig     : JPA DatabasePlatform: org.hibernate.dialect.H2Dialect
2023-05-15 18:38:18.048  INFO [dxc-example-service,,] 12660 --- [main] t.g.d.i.d.d.c.DxcSamDatasourceConfig     : JPA Properties: {hibernate.format_sql=true, hibernate.use_sql_comments=true, hibernate.physical_naming_strategy=org.springframework.boot.orm.jpa.hibernate.SpringPhysicalNamingStrategy, hibernate.batch_versioned_data=true, javax.persistence.schema-generation.database.action=none, javax.persistence.schema-generation.scripts.drop-target=sqls/drop-schema.sql, hibernate.order_inserts=true, javax.persistence.schema-generation.scripts.create-target=sqls/create-schema.sql, javax.persistence.schema-generation.scripts.action=drop-and-create, hibernate.show_sql=false, hibernate.generate_statistics=false, hibernate.order_updates=true, hibernate.jdbc.batch_size=5}
2023-05-15 18:38:18.050  INFO [dxc-example-service,,] 12660 --- [main] o.hibernate.jpa.internal.util.LogHelper  : HHH000204: Processing PersistenceUnitInfo [name: dxcSamPersistenceUnit]
2023-05-15 18:38:18.085  WARN [dxc-example-service,,] 12660 --- [main] com.zaxxer.hikari.HikariConfig           : HikariPool-3 - idleTimeout has been set but has no effect because the pool is operating as a fixed size pool.
2023-05-15 18:38:18.085  INFO [dxc-example-service,,] 12660 --- [main] com.zaxxer.hikari.HikariDataSource       : HikariPool-3 - Starting...
2023-05-15 18:38:18.087  INFO [dxc-example-service,,] 12660 --- [main] com.zaxxer.hikari.HikariDataSource       : HikariPool-3 - Start completed.
2023-05-15 18:38:18.087  INFO [dxc-example-service,,] 12660 --- [main] org.hibernate.dialect.Dialect            : HHH000400: Using dialect: org.hibernate.dialect.H2Dialect
2023-05-15 18:38:18.153  INFO [dxc-example-service,,] 12660 --- [main] o.h.e.t.j.p.i.JtaPlatformInitiator       : HHH000490: Using JtaPlatform implementation: [org.hibernate.engine.transaction.jta.platform.internal.NoJtaPlatform]
2023-05-15 18:38:18.153  INFO [dxc-example-service,,] 12660 --- [main] j.LocalContainerEntityManagerFactoryBean : Initialized JPA EntityManagerFactory for persistence unit 'dxcSamPersistenceUnit'
2023-05-15 18:38:18.157  INFO [dxc-example-service,,] 12660 --- [main] t.g.d.i.d.p.c.PrimaryDatasourceConfig    : Initi EntityManagerFactory
2023-05-15 18:38:18.157  INFO [dxc-example-service,,] 12660 --- [main] t.g.d.i.d.p.c.PrimaryDatasourceConfig    : HikariDataSource HikariDataSource (HikariPool-1)
2023-05-15 18:38:18.158  INFO [dxc-example-service,,] 12660 --- [main] t.g.d.i.d.p.c.PrimaryDatasourceConfig    : JPA Properties: {hibernate.format_sql=true, hibernate.use_sql_comments=true, hibernate.physical_naming_strategy=org.springframework.boot.orm.jpa.hibernate.SpringPhysicalNamingStrategy, hibernate.batch_versioned_data=true, javax.persistence.schema-generation.database.action=drop-and-create, javax.persistence.schema-generation.scripts.drop-target=sqls/drop-schema.sql, hibernate.order_inserts=true, javax.persistence.schema-generation.scripts.create-target=sqls/create-schema.sql, javax.persistence.schema-generation.scripts.action=drop-and-create, hibernate.show_sql=false, hibernate.generate_statistics=false, hibernate.order_updates=true, hibernate.jdbc.batch_size=5}
2023-05-15 18:38:18.160  INFO [dxc-example-service,,] 12660 --- [main] o.hibernate.jpa.internal.util.LogHelper  : HHH000204: Processing PersistenceUnitInfo [name: primaryPersistenceUnit]
2023-05-15 18:38:18.197  INFO [dxc-example-service,,] 12660 --- [main] org.hibernate.dialect.Dialect            : HHH000400: Using dialect: org.hibernate.dialect.H2Dialect
2023-05-15 18:38:18.230  INFO [dxc-example-service,,] 12660 --- [main] o.h.e.t.j.p.i.JtaPlatformInitiator       : HHH000490: Using JtaPlatform implementation: [org.hibernate.engine.transaction.jta.platform.internal.NoJtaPlatform]
2023-05-15 18:38:18.231  INFO [dxc-example-service,,] 12660 --- [main] j.LocalContainerEntityManagerFactoryBean : Initialized JPA EntityManagerFactory for persistence unit 'primaryPersistenceUnit'
2023-05-15 18:38:18.240  INFO [dxc-example-service,,] 12660 --- [main] .g.d.i.d.r.c.ReferenceDbDatasourceConfig : Initi EntityManagerFactory
2023-05-15 18:38:18.240  INFO [dxc-example-service,,] 12660 --- [main] .g.d.i.d.r.c.ReferenceDbDatasourceConfig : HikariDataSource HikariDataSource (null)
2023-05-15 18:38:18.240  INFO [dxc-example-service,,] 12660 --- [main] .g.d.i.d.r.c.ReferenceDbDatasourceConfig : JPA DatabasePlatform: org.hibernate.dialect.H2Dialect
2023-05-15 18:38:18.241  INFO [dxc-example-service,,] 12660 --- [main] .g.d.i.d.r.c.ReferenceDbDatasourceConfig : JPA Properties: {hibernate.format_sql=true, hibernate.use_sql_comments=true, hibernate.physical_naming_strategy=org.springframework.boot.orm.jpa.hibernate.SpringPhysicalNamingStrategy, hibernate.batch_versioned_data=true, javax.persistence.schema-generation.database.action=drop-and-create, javax.persistence.schema-generation.scripts.drop-target=sqls/drop-schema.sql, hibernate.order_inserts=true, javax.persistence.schema-generation.scripts.create-target=sqls/create-schema.sql, javax.persistence.schema-generation.scripts.action=drop-and-create, hibernate.show_sql=false, hibernate.generate_statistics=false, hibernate.order_updates=true, hibernate.jdbc.batch_size=5}
2023-05-15 18:38:18.244  INFO [dxc-example-service,,] 12660 --- [main] o.hibernate.jpa.internal.util.LogHelper  : HHH000204: Processing PersistenceUnitInfo [name: referenceDbPersistenceUnit]
2023-05-15 18:38:18.286  WARN [dxc-example-service,,] 12660 --- [main] com.zaxxer.hikari.HikariConfig           : HikariPool-4 - idleTimeout has been set but has no effect because the pool is operating as a fixed size pool.
2023-05-15 18:38:18.286  INFO [dxc-example-service,,] 12660 --- [main] com.zaxxer.hikari.HikariDataSource       : HikariPool-4 - Starting...
2023-05-15 18:38:18.288  INFO [dxc-example-service,,] 12660 --- [main] com.zaxxer.hikari.HikariDataSource       : HikariPool-4 - Start completed.
2023-05-15 18:38:18.288  INFO [dxc-example-service,,] 12660 --- [main] org.hibernate.dialect.Dialect            : HHH000400: Using dialect: org.hibernate.dialect.H2Dialect
2023-05-15 18:38:18.309  INFO [dxc-example-service,,] 12660 --- [main] o.h.e.t.j.p.i.JtaPlatformInitiator       : HHH000490: Using JtaPlatform implementation: [org.hibernate.engine.transaction.jta.platform.internal.NoJtaPlatform]
2023-05-15 18:38:18.309  INFO [dxc-example-service,,] 12660 --- [main] j.LocalContainerEntityManagerFactoryBean : Initialized JPA EntityManagerFactory for persistence unit 'referenceDbPersistenceUnit'
2023-05-15 18:38:18.494  INFO [dxc-example-service,,] 12660 --- [main] t.g.d.s.u.o.m.DefaultOrikaConfigurer     : DefaultOrikaMapper.configureMapping
2023-05-15 18:38:18.918  WARN [dxc-example-service,,] 12660 --- [main] o.s.b.c.c.a.DefaultBatchConfigurer       : No transaction manager was provided, using a DataSourceTransactionManager
2023-05-15 18:38:18.931  INFO [dxc-example-service,,] 12660 --- [main] o.s.b.c.r.s.JobRepositoryFactoryBean     : No database type set, using meta data indicating: H2
2023-05-15 18:38:18.965  INFO [dxc-example-service,,] 12660 --- [main] th.go.dxc.share.config.BatchConfig       : init taskExecutor
2023-05-15 18:38:19.516  INFO [dxc-example-service,,] 12660 --- [main] o.s.b.a.e.web.EndpointLinksResolver      : Exposing 26 endpoint(s) beneath base path '/actuator'
2023-05-15 18:38:20.517  INFO [dxc-example-service,,] 12660 --- [main] o.s.s.web.DefaultSecurityFilterChain     : Will secure Or [Ant [pattern='/services/**'], Ant [pattern='/api/**']] with [org.springframework.security.web.context.request.async.WebAsyncManagerIntegrationFilter@39dc0721, org.springframework.security.web.context.SecurityContextPersistenceFilter@632d8195, org.springframework.security.web.header.HeaderWriterFilter@57ba286d, org.springframework.web.filter.CorsFilter@40285739, org.springframework.security.web.authentication.logout.LogoutFilter@11743654, org.springframework.security.oauth2.server.resource.web.BearerTokenAuthenticationFilter@effd73, org.springframework.security.web.savedrequest.RequestCacheAwareFilter@50696c7c, org.springframework.security.web.servletapi.SecurityContextHolderAwareRequestFilter@61fab063, org.springframework.security.web.authentication.AnonymousAuthenticationFilter@9cc7cda, org.springframework.security.web.session.SessionManagementFilter@6414b660, org.springframework.security.web.access.ExceptionTranslationFilter@43fd117c, org.springframework.security.web.access.intercept.FilterSecurityInterceptor@4ae35819]
2023-05-15 18:38:20.537  INFO [dxc-example-service,,] 12660 --- [main] t.go.dxc.share.config.SpringAsyncConfig  : create queryThreadPoolTaskExecutor with corePoolSize=1200, maxPoolSize=25200, queueCapacity=500, prefix=Query-
2023-05-15 18:38:20.868  INFO [dxc-example-service,,] 12660 --- [main] o.s.b.a.w.s.WelcomePageHandlerMapping    : Adding welcome page: class path resource [static/index.html]
2023-05-15 18:38:21.371  INFO [dxc-example-service,,] 12660 --- [main] DiscoveryClientOptionalArgsConfiguration : Eureka HTTP Client uses RestTemplate.
2023-05-15 18:38:21.812  INFO [dxc-example-service,,] 12660 --- [main] o.s.b.w.embedded.tomcat.TomcatWebServer  : Tomcat started on port(s): 8081 (http) with context path ''
2023-05-15 18:38:22.155  INFO [dxc-example-service,,] 12660 --- [main] th.go.dxc.DxcExampleServiceApplication   : Started DxcExampleServiceApplication in 9.646 seconds (JVM running for 10.045)
2023-05-15 18:38:22.161  INFO [dxc-example-service,,] 12660 --- [main] th.go.dxc.DxcExampleServiceApplication   : 5.3.8
2023-05-15 18:38:22.161  INFO [dxc-example-service,,] 12660 --- [main] th.go.dxc.DxcExampleServiceApplication   : 2.5.2
2023-05-15 18:38:22.161  INFO [dxc-example-service,,] 12660 --- [main] th.go.dxc.DxcExampleServiceApplication   : initDataAfterStartup: org.springframework.boot.context.event.ApplicationReadyEvent[source=org.springframework.boot.SpringApplication@22bd93ab]
2023-05-15 18:38:22.167  INFO [dxc-example-service,,] 12660 --- [main] th.go.dxc.share.util.DummyDataUtil       : Saving: TsiPersonContactEntity(personId=-5106534569952410475, givenName=eOMtThyhVNLWUZNRcBaQKxIyedUsFwdkelQbx, surName=eTeQOvaScfqIOOmaaJxkyvRnLRYtGKbgicZaHCBRQDSxVLhpf)
2023-05-15 18:38:22.230  INFO [dxc-example-service,,] 12660 --- [main] th.go.dxc.share.util.DummyDataUtil       : Saving: TsiPersonContactEntity(personId=-167885730524958550, givenName=QGTMDYpsBZxvfBoe, surName=ygjbUMaAIKKIkknjWEXJUfPxxQHeWKEJ)
2023-05-15 18:38:22.232  INFO [dxc-example-service,,] 12660 --- [main] th.go.dxc.share.util.DummyDataUtil       : Saving: TsiPersonContactEntity(personId=4672433029010564658, givenName=dpHYZGhtgdntugzvvKAXLhMLlNgNfZBdyFGRajVfJ, surName=NonEnOinZjUfzQhdgLLfDTDGspDbQvBQYuxiXXVytGCx)
2023-05-15 18:38:22.233  INFO [dxc-example-service,,] 12660 --- [main] th.go.dxc.share.util.DummyDataUtil       : Saving: TsiPersonContactEntity(personId=-7216359497931550918, givenName=zVllpgTJKhRQqqszYLYdvDhtAsLghPXAgtbpr, surName=XPZkhnfL)
2023-05-15 18:38:22.234  INFO [dxc-example-service,,] 12660 --- [main] th.go.dxc.share.util.DummyDataUtil       : Saving: TsiPersonContactEntity(personId=-3581075550420886390, givenName=TBSXsPBOxmQInyIvpRgmgQsYEKkAAAryjCRhLTuh, surName=nTodUewZQqaZErUaofGvthLoyPLDADY)
2023-05-15 18:38:22.235  INFO [dxc-example-service,,] 12660 --- [main] th.go.dxc.share.util.DummyDataUtil       : Saving: TsiPersonContactEntity(personId=-2298228485105199876, givenName=zxWoaMAzEEplqjJjNBgpTmxxpIoQMODRhfGEfXIoTtOmc, surName=BeivNUYvPBz)
2023-05-15 18:38:22.236  INFO [dxc-example-service,,] 12660 --- [main] th.go.dxc.share.util.DummyDataUtil       : Saving: TsiPersonContactEntity(personId=-5237980416576129062, givenName=MiJFouxILNvFthRIkEgEYzhlSTPkcSUyTSbBkUOVdwprLNbg, surName=NvZUMpq)
2023-05-15 18:38:22.237  INFO [dxc-example-service,,] 12660 --- [main] th.go.dxc.share.util.DummyDataUtil       : Saving: TsiPersonContactEntity(personId=1326634973105178603, givenName=AXLJbjET, surName=iQaUNWftn)
2023-05-15 18:38:22.238  INFO [dxc-example-service,,] 12660 --- [main] th.go.dxc.share.util.DummyDataUtil       : Saving: TsiPersonContactEntity(personId=-3758321679654915806, givenName=iOAotnzWvkQtWruzGVyIdgFU, surName=YNdkFYkkjNIeENlreqFLCMFOPluIOMfSnzXHuubOREhR)
2023-05-15 18:38:22.239  INFO [dxc-example-service,,] 12660 --- [main] th.go.dxc.share.util.DummyDataUtil       : Saving: TsiPersonContactEntity(personId=-7771300887898959616, givenName=XJoDCVcLCRmlloBeMdQkAoYZDjfWhb, surName=zkmANBaxYoMSiMNxLXFLxI)
2023-05-15 18:38:22.240  INFO [dxc-example-service,,] 12660 --- [main] th.go.dxc.share.util.DummyDataUtil       : Saving: TsiPersonContactEntity(personId=-1694783153133139413, givenName=okteOlrImKiDpJbL, surName=DnvKDiACnbE)
2023-05-15 18:38:22.241  INFO [dxc-example-service,,] 12660 --- [main] th.go.dxc.share.util.DummyDataUtil       : Saving: TsiPersonContactEntity(personId=2746989241534039508, givenName=KIFidnAzTacoMOyy, surName=bxVLsNlAeLWVhnIULZAyLBmsL)
2023-05-15 18:38:22.241  INFO [dxc-example-service,,] 12660 --- [main] th.go.dxc.share.util.DummyDataUtil       : Saving: TsiPersonContactEntity(personId=-457112246358890037, givenName=cdeWTdXPlQgjMVXbpRYzBTjz, surName=lglRKAeamYUmWJ)
2023-05-15 18:38:22.242  INFO [dxc-example-service,,] 12660 --- [main] th.go.dxc.share.util.DummyDataUtil       : Saving: TsiPersonContactEntity(personId=1210033231312349320, givenName=tnJZLqwakeYceaYFBlWcoVdFXlfhbUil, surName=kMpiHD)
2023-05-15 18:38:22.243  INFO [dxc-example-service,,] 12660 --- [main] th.go.dxc.share.util.DummyDataUtil       : Saving: TsiPersonContactEntity(personId=1282378635546458216, givenName=MUveErKUBEqCrhrtgxJkjHewSlMWOIVYZjIE, surName=BetqguztlWtKhlfZzDZxlpKnXmsjfwUTYgf)
2023-05-15 18:38:22.245  INFO [dxc-example-service,,] 12660 --- [main] th.go.dxc.share.util.DummyDataUtil       : Saving: TsiPersonContactEntity(personId=1674084292433445352, givenName=ExSOnqwX, surName=gwbUXmExZAqYdJStFJtVTQqOCjYYKFPwjvFKLQnmKDyLUuE)
2023-05-15 18:38:22.246  INFO [dxc-example-service,,] 12660 --- [main] th.go.dxc.share.util.DummyDataUtil       : Saving: TsiPersonContactEntity(personId=7830028867000074426, givenName=MaNwExpndMYYptSXZvExoLZA, surName=nxWrozQeAydAJIwkGuKWiVZLRcElhreuxvwY)
2023-05-15 18:38:22.247  INFO [dxc-example-service,,] 12660 --- [main] th.go.dxc.share.util.DummyDataUtil       : Saving: TsiPersonContactEntity(personId=-2317076407365535282, givenName=VeSelxWdEtYtJHVetgDUdmbcTVyrXOaoLCF, surName=QUOEXynhazhXJISTdcdpWVIhYOTAybWXy)
2023-05-15 18:38:22.248  INFO [dxc-example-service,,] 12660 --- [main] th.go.dxc.share.util.DummyDataUtil       : Saving: TsiPersonContactEntity(personId=-7837950195727116076, givenName=BzGqRewKkOqxJSqDjAtcDFMMSKuTHj, surName=DRbPaqGjvVLsIUOYaahxww)
2023-05-15 18:38:22.249  INFO [dxc-example-service,,] 12660 --- [main] th.go.dxc.share.util.DummyDataUtil       : Saving: TsiPersonContactEntity(personId=7314076204812145092, givenName=kKaNVLssRUeMe, surName=dmIqFU)
2023-05-15 18:38:22.250  INFO [dxc-example-service,,] 12660 --- [main] th.go.dxc.share.util.DummyDataUtil       : Saving: TsiPersonContactEntity(personId=4765075071605135204, givenName=tdxTBR, surName=RVabCDwmrfUyJVSbdBFIyjTfpDItaXBIQrWtYnHcOX)
2023-05-15 18:38:22.251  INFO [dxc-example-service,,] 12660 --- [main] th.go.dxc.share.util.DummyDataUtil       : Saving: TsiPersonContactEntity(personId=2818517680934561261, givenName=gLyqkDjxtCDIjGGiDYDmCRViOaAXNumPGEBXOb, surName=plgXSPAgcjtZAOBahwMGwNikIaKuxYYVASJcIaSPolvldIf)
2023-05-15 18:38:22.251  INFO [dxc-example-service,,] 12660 --- [main] th.go.dxc.share.util.DummyDataUtil       : Saving: TsiPersonContactEntity(personId=4804084248667953465, givenName=ZTciudeieeoLVjkmgvzBItmxBtJpbqEfQgWhKXmKMI, surName=CCEUYIvewgAhbiAslSgvGJGPPEpl)
2023-05-15 18:38:22.252  INFO [dxc-example-service,,] 12660 --- [main] th.go.dxc.share.util.DummyDataUtil       : Saving: TsiPersonContactEntity(personId=8516528816379729956, givenName=FkGBXjwiQjQKBhPbNYaoDLDPRJuhuUT, surName=lSCYdTVoSsJGyCl)
2023-05-15 18:38:22.253  INFO [dxc-example-service,,] 12660 --- [main] th.go.dxc.share.util.DummyDataUtil       : Saving: TsiPersonContactEntity(personId=8099979915178793733, givenName=HNnCWZGwZImfitPVWq, surName=HXHNeZIUAYIToPMiWqHMXgOUxQpXiGHHqrJU)
2023-05-15 18:38:22.254  INFO [dxc-example-service,,] 12660 --- [main] th.go.dxc.share.util.DummyDataUtil       : Saving: TsiPersonContactEntity(personId=3899741886324459877, givenName=tjWgnTkIeIrtqMPlBIJtaerQ, surName=EskqEWDSDObmCGpVdIgYnmBOoTiRwXILYPxNoVlgkbSZtOXr)
2023-05-15 18:38:22.255  INFO [dxc-example-service,,] 12660 --- [main] th.go.dxc.share.util.DummyDataUtil       : Saving: TsiPersonContactEntity(personId=-7116529718146323612, givenName=rDetIVodUvethundXqBJQqPFJOkHIpWuqUBpP, surName=iSGKutNzPuBDeZfevGGI)
2023-05-15 18:38:22.256  INFO [dxc-example-service,,] 12660 --- [main] th.go.dxc.share.util.DummyDataUtil       : Saving: TsiPersonContactEntity(personId=617189662771004779, givenName=yInuRGUCgGcGUaENkutTuUTCnBJbTUuAgHABZTPBCVaNvgPN, surName=PNdoDlMXoAwSuSKKPcTHZBzhTZ)
2023-05-15 18:38:22.257  INFO [dxc-example-service,,] 12660 --- [main] th.go.dxc.share.util.DummyDataUtil       : Saving: TsiPersonContactEntity(personId=-5738853485602064100, givenName=zyzEYLAEhIrdjvCm, surName=ERMlQwRtlgJMzFfzLvgGOdyoxJFIVsRIMiVn)
2023-05-15 18:38:22.258  INFO [dxc-example-service,,] 12660 --- [main] th.go.dxc.share.util.DummyDataUtil       : Saving: TsiPersonContactEntity(personId=-5827090338538224485, givenName=PwvmkahoHdVyCi, surName=zihprfcQEa)
2023-05-15 18:38:22.260  INFO [dxc-example-service,,] 12660 --- [main] th.go.dxc.share.util.DummyDataUtil       : Saving: TsiPersonContactEntity(personId=1388282375910965670, givenName=hQopqOKigBgIRbVxIKizEZqcOHAtUB, surName=CLrPcedRWcOcanMJunJPSxwMDkpV)
2023-05-15 18:38:22.261  INFO [dxc-example-service,,] 12660 --- [main] th.go.dxc.share.util.DummyDataUtil       : Saving: TsiPersonContactEntity(personId=-981261886383069152, givenName=dpPPmMkvQzM, surName=PMzmvOeNujiqMhRMxZqYNVITQFLfa)
2023-05-15 18:38:22.263  INFO [dxc-example-service,,] 12660 --- [main] th.go.dxc.share.util.DummyDataUtil       : Saving: TsiPersonContactEntity(personId=8058951195138745325, givenName=tDljaRmBHVPKTqAe, surName=eGGOsayeZaiidNlrP)
2023-05-15 18:38:22.264  INFO [dxc-example-service,,] 12660 --- [main] th.go.dxc.share.util.DummyDataUtil       : Saving: TsiPersonContactEntity(personId=-5648106443147652010, givenName=LOmYMZqHxETBnrbhFbMsMop, surName=QFReYOZHuOkw)
2023-05-15 18:38:22.265  INFO [dxc-example-service,,] 12660 --- [main] th.go.dxc.share.util.DummyDataUtil       : Saving: TsiPersonContactEntity(personId=-5969394034050049196, givenName=oGMjfyzrGeRegVvrtUcZvoMDBOXQZoTVTRibibvfrV, surName=UEZvXnsKKeWRvXUOoM)
2023-05-15 18:38:22.266  INFO [dxc-example-service,,] 12660 --- [main] th.go.dxc.share.util.DummyDataUtil       : Saving: TsiPersonContactEntity(personId=-6847734019527209621, givenName=FOntGwQOupyXNhMOUjVDsGIsR, surName=cmcJcrTBYYfMOJsQvyvOyYRbkdQgIsAfelbohR)
2023-05-15 18:38:22.267  INFO [dxc-example-service,,] 12660 --- [main] th.go.dxc.share.util.DummyDataUtil       : Saving: TsiPersonContactEntity(personId=-7845324134759045378, givenName=fbxOA, surName=wBtmfSwKEpYp)
2023-05-15 18:38:22.268  INFO [dxc-example-service,,] 12660 --- [main] th.go.dxc.share.util.DummyDataUtil       : Saving: TsiPersonContactEntity(personId=7156814178861103683, givenName=QmhGWhGIMrvodaRacatwcYZzQRMJmsdQDOgtFXhTSqWHdFjjb, surName=PJroycDTFWcAFCgCUKZOnRWjfYXGfQaeulMShbjkpWHaCgI)
2023-05-15 18:38:22.269  INFO [dxc-example-service,,] 12660 --- [main] th.go.dxc.share.util.DummyDataUtil       : Saving: TsiPersonContactEntity(personId=3488800780984115528, givenName=HDqpvBvXwUntedYgKyfsYslKCiAqRVGYCcWqiiCdoqN, surName=VwxNkedJXwzScVQgsXMQZIeIMCcDoozHPdtFuXb)
2023-05-15 18:38:22.270  INFO [dxc-example-service,,] 12660 --- [main] th.go.dxc.share.util.DummyDataUtil       : Saving: TsiPersonContactEntity(personId=492926413741371804, givenName=glQmPpfa, surName=FWCNHGlJZvyxlRcjBqfswvxlpC)
2023-05-15 18:38:22.271  INFO [dxc-example-service,,] 12660 --- [main] th.go.dxc.share.util.DummyDataUtil       : Saving: TsiPersonContactEntity(personId=582119640634903450, givenName=fRTeKwFQdmmf, surName=VfpqlXlSDZHYrNdKIneNxIvWnrOaoRCoblYrsQFiCOxvKWEj)
2023-05-15 18:38:22.272  INFO [dxc-example-service,,] 12660 --- [main] th.go.dxc.share.util.DummyDataUtil       : Saving: TsiPersonContactEntity(personId=-3128420272228665997, givenName=rAsPDzKxhfmjLgOGYauEgmMmxBzALRKe, surName=aQbsnmRMhHfErVCEkcHdqLHkfzZyqoOobgrML)
2023-05-15 18:38:22.272  INFO [dxc-example-service,,] 12660 --- [main] th.go.dxc.share.util.DummyDataUtil       : Saving: TsiPersonContactEntity(personId=-4794565267078688161, givenName=dCifPGZC, surName=bbiuzPAIhgbdQSDjSwUMITalAE)
2023-05-15 18:38:22.273  INFO [dxc-example-service,,] 12660 --- [main] th.go.dxc.share.util.DummyDataUtil       : Saving: TsiPersonContactEntity(personId=-1079643762651135835, givenName=nGIDKuGsdXQSb, surName=MazTniYZanZqNTlkfPAjvyKPihCrCm)
2023-05-15 18:38:22.274  INFO [dxc-example-service,,] 12660 --- [main] th.go.dxc.share.util.DummyDataUtil       : Saving: TsiPersonContactEntity(personId=-3210848112367399599, givenName=zoRxLcQsxVLytaESEowKELmsDjaKUHQGcwfpMvtcjfP, surName=JOVHQjmVC)
2023-05-15 18:38:22.275  INFO [dxc-example-service,,] 12660 --- [main] th.go.dxc.share.util.DummyDataUtil       : Saving: TsiPersonContactEntity(personId=-8961286854129169704, givenName=gCePeHOEyaVUnOnIbTeygCJPTWqGbAIxvEM, surName=ePviztmdfqpvNrRqHVbFAphbnBMTIROLytPfLdSDzTAVPw)
2023-05-15 18:38:22.276  INFO [dxc-example-service,,] 12660 --- [main] th.go.dxc.share.util.DummyDataUtil       : Saving: TsiPersonContactEntity(personId=-7487977810896584711, givenName=bGXOuPomfsEzkUDLepGWiPMAOQ, surName=VnUwQPraJHLPryXdgmWNbwLUXU)
2023-05-15 18:38:22.276  INFO [dxc-example-service,,] 12660 --- [main] th.go.dxc.share.util.DummyDataUtil       : Saving: TsiPersonContactEntity(personId=4210921260047574683, givenName=eMmwWThmFgfrlFCgyZxbpsUGupqoy, surName=QpVRFpRXlWkaZgdLUFlWyKvdrHfKgZIFWDnwypaEupd)
2023-05-15 18:38:22.277  INFO [dxc-example-service,,] 12660 --- [main] th.go.dxc.share.util.DummyDataUtil       : Saving: TsiPersonContactEntity(personId=5592478093667638902, givenName=RXDoXqDqJYSuEuOxsDtMWutbmjqfypdBQigZkVfaVt, surName=BThexbZwMuoEMhthsxzczLQLnnaShLWsrKonD)
2023-05-15 18:38:22.279  INFO [dxc-example-service,,] 12660 --- [main] th.go.dxc.share.util.DummyDataUtil       : Saving: TsiPersonContactEntity(personId=-5625430285771842101, givenName=TdxYMgrEFTmbXZsOtJZgOSYbvqFYoiRAvQVzKws, surName=YrJoXpjgfJSbfvnFXvnxIBefpVNAHfDSYv)
2023-05-15 18:38:22.280  INFO [dxc-example-service,,] 12660 --- [main] th.go.dxc.share.util.DummyDataUtil       : Saving: TsiPersonContactEntity(personId=7900063374667700860, givenName=GOosmixlhAkVJqloTKfzouiPpaWXBjxEYA, surName=ukFKNbgNPkMqmUbiO)
2023-05-15 18:38:22.281  INFO [dxc-example-service,,] 12660 --- [main] th.go.dxc.share.util.DummyDataUtil       : Saving: TsiPersonContactEntity(personId=-636830170795397064, givenName=cAqem, surName=ovuDfYPYRKGL)
2023-05-15 18:38:22.282  INFO [dxc-example-service,,] 12660 --- [main] th.go.dxc.share.util.DummyDataUtil       : Saving: TsiPersonContactEntity(personId=-5064906505645556577, givenName=kCycEvgJBLFguQPIDKGTeLyuwQleqFmPPghIgjPI, surName=bCvcLfvZgLtoHPdhkNUhzrzgPkCDqfMwHikwtySG)
2023-05-15 18:38:22.283  INFO [dxc-example-service,,] 12660 --- [main] th.go.dxc.share.util.DummyDataUtil       : Saving: TsiPersonContactEntity(personId=6182569346087950473, givenName=bIgOGiJvvkrWkCNNzcc, surName=NMlMpT)
2023-05-15 18:38:22.284  INFO [dxc-example-service,,] 12660 --- [main] th.go.dxc.share.util.DummyDataUtil       : Saving: TsiPersonContactEntity(personId=-769426772277834287, givenName=pPHdOpcJiiMIwxsqgTGQIdWDuDiH, surName=IVvNkATvQKBNBcIltsNMy)
2023-05-15 18:38:22.284  INFO [dxc-example-service,,] 12660 --- [main] th.go.dxc.share.util.DummyDataUtil       : Saving: TsiPersonContactEntity(personId=8952652488435071836, givenName=znxPlsrucWTgYTkyMP, surName=ChSBLsBVdlMNlS)
2023-05-15 18:38:22.285  INFO [dxc-example-service,,] 12660 --- [main] th.go.dxc.share.util.DummyDataUtil       : Saving: TsiPersonContactEntity(personId=4530030225633203497, givenName=sOFvnyYGvMfR, surName=BFBQTCAXujDhGGHwUpKLx)
2023-05-15 18:38:22.286  INFO [dxc-example-service,,] 12660 --- [main] th.go.dxc.share.util.DummyDataUtil       : Saving: TsiPersonContactEntity(personId=-5622147162416175951, givenName=nEOxJ, surName=tAzCNYJESqYyrow)
2023-05-15 18:38:22.287  INFO [dxc-example-service,,] 12660 --- [main] th.go.dxc.share.util.DummyDataUtil       : Saving: TsiPersonContactEntity(personId=4047834147411242470, givenName=nyletAnEMeX, surName=nRAVNUSkRyrsiAhLzZQr)
2023-05-15 18:38:22.287  INFO [dxc-example-service,,] 12660 --- [main] th.go.dxc.share.util.DummyDataUtil       : Saving: TsiPersonContactEntity(personId=2050976543698204552, givenName=yGvbioUIMmhLOqDltf, surName=UwAqWoxZC)
2023-05-15 18:38:22.288  INFO [dxc-example-service,,] 12660 --- [main] th.go.dxc.share.util.DummyDataUtil       : Saving: TsiPersonContactEntity(personId=-8000419653771970126, givenName=VmIvUyradKNbxMwTiYlONPby, surName=tccZevAHtGXfYKqo)
2023-05-15 18:38:22.289  INFO [dxc-example-service,,] 12660 --- [main] th.go.dxc.share.util.DummyDataUtil       : Saving: TsiPersonContactEntity(personId=-8952004768583126073, givenName=ANOFhotFmctdBhLgmXhGFuBSu, surName=uuhtxsjbfwZ)
2023-05-15 18:38:22.290  INFO [dxc-example-service,,] 12660 --- [main] th.go.dxc.share.util.DummyDataUtil       : Saving: TsiPersonContactEntity(personId=2851692972699431722, givenName=YEWqrMoERZwiVbdTtMjmWLVJ, surName=dmhpPdXcLEOePwoqFBxBHAcdvXeItYcffjPqMDH)
2023-05-15 18:38:22.290  INFO [dxc-example-service,,] 12660 --- [main] th.go.dxc.share.util.DummyDataUtil       : Saving: TsiPersonContactEntity(personId=-8262935286139685279, givenName=eAwhGweLJpLKocfysZhLylzXvX, surName=fEEdYALxQwJOjvvuCQHjHHjFwVKkoxYxdAVPkBG)
2023-05-15 18:38:22.295  INFO [dxc-example-service,,] 12660 --- [main] th.go.dxc.share.util.DummyDataUtil       : Saving: TsiPersonContactEntity(personId=4854543426611963037, givenName=VIWzzFVwyWKzlhKMqmsLqQUDBzKxKZIkowQoBkpSHWp, surName=DJcdJoylOJWe)
2023-05-15 18:38:22.296  INFO [dxc-example-service,,] 12660 --- [main] th.go.dxc.share.util.DummyDataUtil       : Saving: TsiPersonContactEntity(personId=5181313837801002933, givenName=kLYCilwsmS, surName=glpMXbLsYYTZxzTrfzCLXljsIVShAwZLk)
2023-05-15 18:38:22.297  INFO [dxc-example-service,,] 12660 --- [main] th.go.dxc.share.util.DummyDataUtil       : Saving: TsiPersonContactEntity(personId=7668428197995251475, givenName=KFyzvANfv, surName=fGUbqPjfDQjzUXCKwuOqcj)
2023-05-15 18:38:22.298  INFO [dxc-example-service,,] 12660 --- [main] th.go.dxc.share.util.DummyDataUtil       : Saving: TsiPersonContactEntity(personId=3098185324426972211, givenName=IOMRvUFXXnMrEmllBwZlNVKwsmgTpEVnNlLNEgywAIditVR, surName=ctqhWx)
2023-05-15 18:38:22.299  INFO [dxc-example-service,,] 12660 --- [main] th.go.dxc.share.util.DummyDataUtil       : Saving: TsiPersonContactEntity(personId=-3082813733013320303, givenName=HmbRgvRWfSOtkMbpZjumQOYEaaDWymzEpIwdYgEQzA, surName=PpmGvvt)
2023-05-15 18:38:22.300  INFO [dxc-example-service,,] 12660 --- [main] th.go.dxc.share.util.DummyDataUtil       : Saving: TsiPersonContactEntity(personId=5577812605819267909, givenName=ncdxYgVqcwOMAnizM, surName=jcHvTdAqEeTahiGzeQjBPvBfmEOkTuZxpKYcrtybtSIOUk)
2023-05-15 18:38:22.300  INFO [dxc-example-service,,] 12660 --- [main] th.go.dxc.share.util.DummyDataUtil       : Saving: TsiPersonContactEntity(personId=8235617940769464475, givenName=drIatQJjiWCMDkLduYEHIssJ, surName=ZqYakUZo)
2023-05-15 18:38:22.301  INFO [dxc-example-service,,] 12660 --- [main] th.go.dxc.share.util.DummyDataUtil       : Saving: TsiPersonContactEntity(personId=-4825131875311943573, givenName=zqmwXCSgjaOmseCOwlqrKytwgUOzsLsMKOMTiBJP, surName=LXEijWVCigyGiabrJpQjXAEUPNrvhXOvl)
2023-05-15 18:38:22.302  INFO [dxc-example-service,,] 12660 --- [main] th.go.dxc.share.util.DummyDataUtil       : Saving: TsiPersonContactEntity(personId=322621444567911930, givenName=dCUDmTQTFQYhtRqbtZYSVyFVQSoAjfhncysRgtxkP, surName=RiWKVApzFcYlBTazUiAWugTbTusLrU)
2023-05-15 18:38:22.303  INFO [dxc-example-service,,] 12660 --- [main] th.go.dxc.share.util.DummyDataUtil       : Saving: TsiPersonContactEntity(personId=3236989773587778216, givenName=SDbyuVF, surName=msYkRxgCZZtvFBaYZvbJSRsxeDpYlIuVnR)
2023-05-15 18:38:22.303  INFO [dxc-example-service,,] 12660 --- [main] th.go.dxc.share.util.DummyDataUtil       : Saving: TsiPersonContactEntity(personId=-344757269133152065, givenName=wqqaXdEJHXlNyoXpYBEfiOSwhfPAOiXKrsyOBCjEqGXTSPT, surName=aSJMatrhFebZfoMIAAQjGyIrYzxhEbRpeQXeDZLbuxfB)
2023-05-15 18:38:22.304  INFO [dxc-example-service,,] 12660 --- [main] th.go.dxc.share.util.DummyDataUtil       : Saving: TsiPersonContactEntity(personId=-1065002770806944228, givenName=wEXXjhwQZuwbTNxAeoJQtTOflXbHOncEUnOv, surName=XIXcfWVIjSlBcJYITraltpvZfJTLmESNnapFhNsJpgFePnO)
2023-05-15 18:38:22.305  INFO [dxc-example-service,,] 12660 --- [main] th.go.dxc.share.util.DummyDataUtil       : Saving: TsiPersonContactEntity(personId=-2753290635360365177, givenName=ynsXVySnCsap, surName=wmbCYBGeeyfZrJFBNaEuifC)
2023-05-15 18:38:22.305  INFO [dxc-example-service,,] 12660 --- [main] th.go.dxc.share.util.DummyDataUtil       : Saving: TsiPersonContactEntity(personId=-4438636194038440974, givenName=NkszyiEoQ, surName=gZMLCkOPXmdXNjxJYWitjSodgEyQYcIOkvA)
2023-05-15 18:38:22.306  INFO [dxc-example-service,,] 12660 --- [main] th.go.dxc.share.util.DummyDataUtil       : Saving: TsiPersonContactEntity(personId=1288219434483998463, givenName=hLTcmYrOLszOqwGlmyzrhupKjZNKuuiOPAgFhomW, surName=JfRGWaenLOfnnbsvVUNOIIkGfcJxDJJZJbEarRLyuorIWNQOn)
2023-05-15 18:38:22.307  INFO [dxc-example-service,,] 12660 --- [main] th.go.dxc.share.util.DummyDataUtil       : Saving: TsiPersonContactEntity(personId=8985394130476872827, givenName=yxEhUZUS, surName=QTAwirgqwyeMkANvTRlyuhxQOVPbkYtn)
2023-05-15 18:38:22.308  INFO [dxc-example-service,,] 12660 --- [main] th.go.dxc.share.util.DummyDataUtil       : Saving: TsiPersonContactEntity(personId=3219914102854987434, givenName=UGVoPhqgtNq, surName=xpqBvcqbbcgbxddUcT)
2023-05-15 18:38:22.308  INFO [dxc-example-service,,] 12660 --- [main] th.go.dxc.share.util.DummyDataUtil       : Saving: TsiPersonContactEntity(personId=-712103834135173221, givenName=xgUrCNPcqD, surName=BqzRqqQguCWqelAZWGNDbwVydJ)
2023-05-15 18:38:22.309  INFO [dxc-example-service,,] 12660 --- [main] th.go.dxc.share.util.DummyDataUtil       : Saving: TsiPersonContactEntity(personId=-7105464414206290462, givenName=jUFpu, surName=YnYyFolqwISJOtzCNOSxfoRrtA)
2023-05-15 18:38:22.310  INFO [dxc-example-service,,] 12660 --- [main] th.go.dxc.share.util.DummyDataUtil       : Saving: TsiPersonContactEntity(personId=-5238968656038668445, givenName=fJCbmCImLHIRhFVI, surName=jiziEduCg)
2023-05-15 18:38:22.311  INFO [dxc-example-service,,] 12660 --- [main] th.go.dxc.share.util.DummyDataUtil       : Saving: TsiPersonContactEntity(personId=1503266920921125659, givenName=omzdXPPtQqsDNHAyGTnNUJXqHs, surName=cWZgWZAekDirveTpIBclzmLFFPUqsGHGzfbDtBzsLho)
2023-05-15 18:38:22.312  INFO [dxc-example-service,,] 12660 --- [main] th.go.dxc.share.util.DummyDataUtil       : Saving: TsiPersonContactEntity(personId=8741516651786060031, givenName=yPjMXvKqrbmqXPOsLZgRVfijYgrjkBScvAfFAJPLUOvn, surName=aZyFprInRwGnCzzKlBKKmerIMPAgkNoeYfbFOJRDN)
2023-05-15 18:38:22.313  INFO [dxc-example-service,,] 12660 --- [main] th.go.dxc.share.util.DummyDataUtil       : Saving: TsiPersonContactEntity(personId=3672649327952174959, givenName=jNdmVGBtztWTc, surName=afmTxR)
2023-05-15 18:38:22.314  INFO [dxc-example-service,,] 12660 --- [main] th.go.dxc.share.util.DummyDataUtil       : Saving: TsiPersonContactEntity(personId=-8085704630458716206, givenName=QraCtCxLklPivKOVaTw, surName=AKzvNqHVrbvjsWywtPAkEusXwpjFiYAEDphgbEnTsLWMLtX)
2023-05-15 18:38:22.315  INFO [dxc-example-service,,] 12660 --- [main] th.go.dxc.share.util.DummyDataUtil       : Saving: TsiPersonContactEntity(personId=-2700425672391700394, givenName=ndArryVNNNsBBwQCWudVIOdTBGekxiOKesleAVkNo, surName=pHIQgYGLlIATFrAvxsx)
2023-05-15 18:38:22.316  INFO [dxc-example-service,,] 12660 --- [main] th.go.dxc.share.util.DummyDataUtil       : Saving: TsiPersonContactEntity(personId=1875447224389451487, givenName=bMLeWsiFKoHURsAEFZObrvYcJZ, surName=UdQpkNMRWMnuq)
2023-05-15 18:38:22.316  INFO [dxc-example-service,,] 12660 --- [main] th.go.dxc.share.util.DummyDataUtil       : Saving: TsiPersonContactEntity(personId=-6118525659672718924, givenName=MZjGmbG, surName=pqIfdzlCGXKUnco)
2023-05-15 18:38:22.317  INFO [dxc-example-service,,] 12660 --- [main] th.go.dxc.share.util.DummyDataUtil       : Saving: TsiPersonContactEntity(personId=-1488003346043220886, givenName=GjNmiufEezsqjyaffrIBPZPaBSoCKMLUHpjvOgdpkHbj, surName=vyMUyiUotvTxvPHxRUSs)
2023-05-15 18:38:22.318  INFO [dxc-example-service,,] 12660 --- [main] th.go.dxc.share.util.DummyDataUtil       : Saving: TsiPersonContactEntity(personId=9006080150914153496, givenName=ONlVSeUjkrTV, surName=XWWjRxFVXqaXZ)
2023-05-15 18:38:22.318  INFO [dxc-example-service,,] 12660 --- [main] th.go.dxc.share.util.DummyDataUtil       : Saving: TsiPersonContactEntity(personId=8710816167972389854, givenName=zZfUZGjplCWIHgW, surName=CzzgQumDOlHcTKpEDMMQAinVaHOczHSZRaDcyblhiCGpFLjie)
2023-05-15 18:38:22.319  INFO [dxc-example-service,,] 12660 --- [main] th.go.dxc.share.util.DummyDataUtil       : Saving: TsiPersonContactEntity(personId=-8572165312685798590, givenName=raUbUBrfUNpNDetDurdTEuwhAbssiVUsjukttLVNgALOeIlaR, surName=bcuCmRofUKkWTQmuzKxQWOsGZtOkrZUwsHIfhAdCfVqsdi)
2023-05-15 18:38:22.320  INFO [dxc-example-service,,] 12660 --- [main] th.go.dxc.share.util.DummyDataUtil       : Saving: TsiPersonContactEntity(personId=-2481110233529327119, givenName=rCsvnVdfMIWKKRTzziBjTVesYHPeRqqnR, surName=MqkrUBXhcuMCyWsEJVFyrWhjUrBmyePrISvXOiTDXRusOyjf)
2023-05-15 18:38:22.320  INFO [dxc-example-service,,] 12660 --- [main] th.go.dxc.share.util.DummyDataUtil       : Saving: TsiPersonContactEntity(personId=-3168848078862468890, givenName=HuTWKRwBJOmgDTFMaFREGoKZovADJABgJQuuFKRCwdOHKbJ, surName=uFhfYRWRxtRlwIL)
2023-05-15 18:38:22.321  INFO [dxc-example-service,,] 12660 --- [main] th.go.dxc.share.util.DummyDataUtil       : Saving: TsiPersonContactEntity(personId=-4979170095138826490, givenName=VXbRvbIODtPxD, surName=YpLArKUnKpxzNsZDNCoNwEKoMHBjA)
2023-05-15 18:38:22.322  INFO [dxc-example-service,,] 12660 --- [main] th.go.dxc.share.util.DummyDataUtil       : Saving: TsiPersonContactEntity(personId=-4114973363003441233, givenName=jbiWSSSRpRXLAURzytlmbnRTFArBmCsVoOcCJNSi, surName=iARGiEvtzMXGjrOkbSWTmyDBSivvEABPQKbPFZM)
2023-05-15 18:38:22.322  INFO [dxc-example-service,,] 12660 --- [main] th.go.dxc.share.util.DummyDataUtil       : Saving: TsiPersonContactEntity(personId=-6217831313308587055, givenName=kmClFzFUyrbfdGsvwsjtVleuUVNr, surName=vjOYQBbPzeteLsatwvGFiQtsNzgu)
2023-05-15 18:38:34.214  INFO [dxc-example-service,,] 12660 --- [http-nio-8081-exec-1] o.a.c.c.C.[Tomcat].[localhost].[/]       : Initializing Spring DispatcherServlet 'dispatcherServlet'
2023-05-15 18:38:34.214  INFO [dxc-example-service,,] 12660 --- [http-nio-8081-exec-1] o.s.web.servlet.DispatcherServlet        : Initializing Servlet 'dispatcherServlet'
2023-05-15 18:38:34.216  INFO [dxc-example-service,,] 12660 --- [http-nio-8081-exec-1] o.s.web.servlet.DispatcherServlet        : Completed initialization in 2 ms
